[Thu May 18 13:00:30.431065 2017] [ssl:error] [pid 13907] AH02217: ssl_stapling_init_cert: can't retrieve issuer certificate! [subject: emailAddress=info@testing.com,CN=local.testing.com,O=localhost,L=Edmonton,ST=AB,C=CA / issuer: emailAddress=info@testing.com,CN=local.testing.com,O=localhost,L=Edmonton,ST=AB,C=CA / serial: CAAC625C37CD2850 / notbefore: Mar 27 15:51:31 2017 GMT / notafter: Mar 27 15:51:31 2019 GMT]
[Thu May 18 13:00:30.431106 2017] [ssl:error] [pid 13907] AH02235: Unable to configure server certificate for stapling
[Thu May 18 13:00:30.431117 2017] [ssl:warn] [pid 13907] AH01906: RSA server certificate is a CA certificate (BasicConstraints: CA == TRUE !?)
[Thu May 18 13:00:30.452540 2017] [ssl:error] [pid 13908] AH02217: ssl_stapling_init_cert: can't retrieve issuer certificate! [subject: emailAddress=info@testing.com,CN=local.testing.com,O=localhost,L=Edmonton,ST=AB,C=CA / issuer: emailAddress=info@testing.com,CN=local.testing.com,O=localhost,L=Edmonton,ST=AB,C=CA / serial: CAAC625C37CD2850 / notbefore: Mar 27 15:51:31 2017 GMT / notafter: Mar 27 15:51:31 2019 GMT]
[Thu May 18 13:00:30.452553 2017] [ssl:error] [pid 13908] AH02235: Unable to configure server certificate for stapling
[Thu May 18 13:00:30.452559 2017] [ssl:warn] [pid 13908] AH01906: RSA server certificate is a CA certificate (BasicConstraints: CA == TRUE !?)
[Fri May 19 09:31:17.762516 2017] [ssl:error] [pid 1831] AH02217: ssl_stapling_init_cert: can't retrieve issuer certificate! [subject: emailAddress=info@testing.com,CN=local.testing.com,O=localhost,L=Edmonton,ST=AB,C=CA / issuer: emailAddress=info@testing.com,CN=local.testing.com,O=localhost,L=Edmonton,ST=AB,C=CA / serial: CAAC625C37CD2850 / notbefore: Mar 27 15:51:31 2017 GMT / notafter: Mar 27 15:51:31 2019 GMT]
[Fri May 19 09:31:17.767236 2017] [ssl:error] [pid 1831] AH02235: Unable to configure server certificate for stapling
[Fri May 19 09:31:17.767247 2017] [ssl:warn] [pid 1831] AH01906: RSA server certificate is a CA certificate (BasicConstraints: CA == TRUE !?)
[Fri May 19 09:31:18.394447 2017] [ssl:error] [pid 1834] AH02217: ssl_stapling_init_cert: can't retrieve issuer certificate! [subject: emailAddress=info@testing.com,CN=local.testing.com,O=localhost,L=Edmonton,ST=AB,C=CA / issuer: emailAddress=info@testing.com,CN=local.testing.com,O=localhost,L=Edmonton,ST=AB,C=CA / serial: CAAC625C37CD2850 / notbefore: Mar 27 15:51:31 2017 GMT / notafter: Mar 27 15:51:31 2019 GMT]
[Fri May 19 09:31:18.394467 2017] [ssl:error] [pid 1834] AH02235: Unable to configure server certificate for stapling
[Fri May 19 09:31:18.394474 2017] [ssl:warn] [pid 1834] AH01906: RSA server certificate is a CA certificate (BasicConstraints: CA == TRUE !?)
[Sat May 20 10:49:12.425004 2017] [ssl:error] [pid 1572] AH02217: ssl_stapling_init_cert: can't retrieve issuer certificate! [subject: emailAddress=info@testing.com,CN=local.testing.com,O=localhost,L=Edmonton,ST=AB,C=CA / issuer: emailAddress=info@testing.com,CN=local.testing.com,O=localhost,L=Edmonton,ST=AB,C=CA / serial: CAAC625C37CD2850 / notbefore: Mar 27 15:51:31 2017 GMT / notafter: Mar 27 15:51:31 2019 GMT]
[Sat May 20 10:49:12.497900 2017] [ssl:error] [pid 1572] AH02235: Unable to configure server certificate for stapling
[Sat May 20 10:49:12.497922 2017] [ssl:warn] [pid 1572] AH01906: RSA server certificate is a CA certificate (BasicConstraints: CA == TRUE !?)
[Sat May 20 10:49:17.859811 2017] [ssl:error] [pid 1574] AH02217: ssl_stapling_init_cert: can't retrieve issuer certificate! [subject: emailAddress=info@testing.com,CN=local.testing.com,O=localhost,L=Edmonton,ST=AB,C=CA / issuer: emailAddress=info@testing.com,CN=local.testing.com,O=localhost,L=Edmonton,ST=AB,C=CA / serial: CAAC625C37CD2850 / notbefore: Mar 27 15:51:31 2017 GMT / notafter: Mar 27 15:51:31 2019 GMT]
[Sat May 20 10:49:17.859851 2017] [ssl:error] [pid 1574] AH02235: Unable to configure server certificate for stapling
[Sat May 20 10:49:17.859860 2017] [ssl:warn] [pid 1574] AH01906: RSA server certificate is a CA certificate (BasicConstraints: CA == TRUE !?)
[Sat May 20 14:37:29.841556 2017] [ssl:error] [pid 1834] AH02217: ssl_stapling_init_cert: can't retrieve issuer certificate! [subject: emailAddress=info@testing.com,CN=local.testing.com,O=localhost,L=Edmonton,ST=AB,C=CA / issuer: emailAddress=info@testing.com,CN=local.testing.com,O=localhost,L=Edmonton,ST=AB,C=CA / serial: CAAC625C37CD2850 / notbefore: Mar 27 15:51:31 2017 GMT / notafter: Mar 27 15:51:31 2019 GMT]
[Sat May 20 14:37:29.841602 2017] [ssl:error] [pid 1834] AH02235: Unable to configure server certificate for stapling
[Sat May 20 14:37:29.841610 2017] [ssl:warn] [pid 1834] AH01906: RSA server certificate is a CA certificate (BasicConstraints: CA == TRUE !?)
[Sat May 20 14:37:30.484485 2017] [ssl:error] [pid 1836] AH02217: ssl_stapling_init_cert: can't retrieve issuer certificate! [subject: emailAddress=info@testing.com,CN=local.testing.com,O=localhost,L=Edmonton,ST=AB,C=CA / issuer: emailAddress=info@testing.com,CN=local.testing.com,O=localhost,L=Edmonton,ST=AB,C=CA / serial: CAAC625C37CD2850 / notbefore: Mar 27 15:51:31 2017 GMT / notafter: Mar 27 15:51:31 2019 GMT]
[Sat May 20 14:37:30.484504 2017] [ssl:error] [pid 1836] AH02235: Unable to configure server certificate for stapling
[Sat May 20 14:37:30.484511 2017] [ssl:warn] [pid 1836] AH01906: RSA server certificate is a CA certificate (BasicConstraints: CA == TRUE !?)
[Sat May 20 15:06:49.638471 2017] [ssl:error] [pid 1840] AH02217: ssl_stapling_init_cert: can't retrieve issuer certificate! [subject: emailAddress=info@testing.com,CN=local.testing.com,O=localhost,L=Edmonton,ST=AB,C=CA / issuer: emailAddress=info@testing.com,CN=local.testing.com,O=localhost,L=Edmonton,ST=AB,C=CA / serial: CAAC625C37CD2850 / notbefore: Mar 27 15:51:31 2017 GMT / notafter: Mar 27 15:51:31 2019 GMT]
[Sat May 20 15:06:49.736048 2017] [ssl:error] [pid 1840] AH02235: Unable to configure server certificate for stapling
[Sat May 20 15:06:49.736073 2017] [ssl:warn] [pid 1840] AH01906: RSA server certificate is a CA certificate (BasicConstraints: CA == TRUE !?)
[Sat May 20 15:06:50.692441 2017] [ssl:error] [pid 1841] AH02217: ssl_stapling_init_cert: can't retrieve issuer certificate! [subject: emailAddress=info@testing.com,CN=local.testing.com,O=localhost,L=Edmonton,ST=AB,C=CA / issuer: emailAddress=info@testing.com,CN=local.testing.com,O=localhost,L=Edmonton,ST=AB,C=CA / serial: CAAC625C37CD2850 / notbefore: Mar 27 15:51:31 2017 GMT / notafter: Mar 27 15:51:31 2019 GMT]
[Sat May 20 15:06:50.692461 2017] [ssl:error] [pid 1841] AH02235: Unable to configure server certificate for stapling
[Sat May 20 15:06:50.692467 2017] [ssl:warn] [pid 1841] AH01906: RSA server certificate is a CA certificate (BasicConstraints: CA == TRUE !?)
[Sat May 20 21:50:30.445608 2017] [ssl:error] [pid 1751] AH02217: ssl_stapling_init_cert: can't retrieve issuer certificate! [subject: emailAddress=info@testing.com,CN=local.testing.com,O=localhost,L=Edmonton,ST=AB,C=CA / issuer: emailAddress=info@testing.com,CN=local.testing.com,O=localhost,L=Edmonton,ST=AB,C=CA / serial: CAAC625C37CD2850 / notbefore: Mar 27 15:51:31 2017 GMT / notafter: Mar 27 15:51:31 2019 GMT]
[Sat May 20 21:50:30.464586 2017] [ssl:error] [pid 1751] AH02235: Unable to configure server certificate for stapling
[Sat May 20 21:50:30.464606 2017] [ssl:warn] [pid 1751] AH01906: RSA server certificate is a CA certificate (BasicConstraints: CA == TRUE !?)
[Sat May 20 21:50:31.454106 2017] [ssl:error] [pid 1850] AH02217: ssl_stapling_init_cert: can't retrieve issuer certificate! [subject: emailAddress=info@testing.com,CN=local.testing.com,O=localhost,L=Edmonton,ST=AB,C=CA / issuer: emailAddress=info@testing.com,CN=local.testing.com,O=localhost,L=Edmonton,ST=AB,C=CA / serial: CAAC625C37CD2850 / notbefore: Mar 27 15:51:31 2017 GMT / notafter: Mar 27 15:51:31 2019 GMT]
[Sat May 20 21:50:31.454127 2017] [ssl:error] [pid 1850] AH02235: Unable to configure server certificate for stapling
[Sat May 20 21:50:31.454133 2017] [ssl:warn] [pid 1850] AH01906: RSA server certificate is a CA certificate (BasicConstraints: CA == TRUE !?)
[Sun May 21 13:32:24.796694 2017] [ssl:error] [pid 1861] AH02217: ssl_stapling_init_cert: can't retrieve issuer certificate! [subject: emailAddress=info@testing.com,CN=local.testing.com,O=localhost,L=Edmonton,ST=AB,C=CA / issuer: emailAddress=info@testing.com,CN=local.testing.com,O=localhost,L=Edmonton,ST=AB,C=CA / serial: CAAC625C37CD2850 / notbefore: Mar 27 15:51:31 2017 GMT / notafter: Mar 27 15:51:31 2019 GMT]
[Sun May 21 13:32:24.805322 2017] [ssl:error] [pid 1861] AH02235: Unable to configure server certificate for stapling
[Sun May 21 13:32:24.805345 2017] [ssl:warn] [pid 1861] AH01906: RSA server certificate is a CA certificate (BasicConstraints: CA == TRUE !?)
[Sun May 21 13:32:25.828365 2017] [ssl:error] [pid 1863] AH02217: ssl_stapling_init_cert: can't retrieve issuer certificate! [subject: emailAddress=info@testing.com,CN=local.testing.com,O=localhost,L=Edmonton,ST=AB,C=CA / issuer: emailAddress=info@testing.com,CN=local.testing.com,O=localhost,L=Edmonton,ST=AB,C=CA / serial: CAAC625C37CD2850 / notbefore: Mar 27 15:51:31 2017 GMT / notafter: Mar 27 15:51:31 2019 GMT]
[Sun May 21 13:32:25.828385 2017] [ssl:error] [pid 1863] AH02235: Unable to configure server certificate for stapling
[Sun May 21 13:32:25.828391 2017] [ssl:warn] [pid 1863] AH01906: RSA server certificate is a CA certificate (BasicConstraints: CA == TRUE !?)
[Sun May 21 21:21:35.930968 2017] [ssl:error] [pid 1829] AH02217: ssl_stapling_init_cert: can't retrieve issuer certificate! [subject: emailAddress=info@testing.com,CN=local.testing.com,O=localhost,L=Edmonton,ST=AB,C=CA / issuer: emailAddress=info@testing.com,CN=local.testing.com,O=localhost,L=Edmonton,ST=AB,C=CA / serial: CAAC625C37CD2850 / notbefore: Mar 27 15:51:31 2017 GMT / notafter: Mar 27 15:51:31 2019 GMT]
[Sun May 21 21:21:35.957593 2017] [ssl:error] [pid 1829] AH02235: Unable to configure server certificate for stapling
[Sun May 21 21:21:35.957620 2017] [ssl:warn] [pid 1829] AH01906: RSA server certificate is a CA certificate (BasicConstraints: CA == TRUE !?)
[Sun May 21 21:21:36.851632 2017] [ssl:error] [pid 1842] AH02217: ssl_stapling_init_cert: can't retrieve issuer certificate! [subject: emailAddress=info@testing.com,CN=local.testing.com,O=localhost,L=Edmonton,ST=AB,C=CA / issuer: emailAddress=info@testing.com,CN=local.testing.com,O=localhost,L=Edmonton,ST=AB,C=CA / serial: CAAC625C37CD2850 / notbefore: Mar 27 15:51:31 2017 GMT / notafter: Mar 27 15:51:31 2019 GMT]
[Sun May 21 21:21:36.851647 2017] [ssl:error] [pid 1842] AH02235: Unable to configure server certificate for stapling
[Sun May 21 21:21:36.851653 2017] [ssl:warn] [pid 1842] AH01906: RSA server certificate is a CA certificate (BasicConstraints: CA == TRUE !?)
[Sun May 21 22:13:00.248481 2017] [ssl:error] [pid 1842] AH02217: ssl_stapling_init_cert: can't retrieve issuer certificate! [subject: emailAddress=info@testing.com,CN=local.testing.com,O=localhost,L=Edmonton,ST=AB,C=CA / issuer: emailAddress=info@testing.com,CN=local.testing.com,O=localhost,L=Edmonton,ST=AB,C=CA / serial: CAAC625C37CD2850 / notbefore: Mar 27 15:51:31 2017 GMT / notafter: Mar 27 15:51:31 2019 GMT]
[Sun May 21 22:13:00.248497 2017] [ssl:error] [pid 1842] AH02235: Unable to configure server certificate for stapling
[Sun May 21 22:13:00.248503 2017] [ssl:warn] [pid 1842] AH01906: RSA server certificate is a CA certificate (BasicConstraints: CA == TRUE !?)
[Mon May 22 09:19:48.986191 2017] [ssl:error] [pid 1726] AH02217: ssl_stapling_init_cert: can't retrieve issuer certificate! [subject: emailAddress=info@testing.com,CN=local.testing.com,O=localhost,L=Edmonton,ST=AB,C=CA / issuer: emailAddress=info@testing.com,CN=local.testing.com,O=localhost,L=Edmonton,ST=AB,C=CA / serial: CAAC625C37CD2850 / notbefore: Mar 27 15:51:31 2017 GMT / notafter: Mar 27 15:51:31 2019 GMT]
[Mon May 22 09:19:49.001732 2017] [ssl:error] [pid 1726] AH02235: Unable to configure server certificate for stapling
[Mon May 22 09:19:49.001750 2017] [ssl:warn] [pid 1726] AH01906: RSA server certificate is a CA certificate (BasicConstraints: CA == TRUE !?)
[Mon May 22 09:19:50.095782 2017] [ssl:error] [pid 1727] AH02217: ssl_stapling_init_cert: can't retrieve issuer certificate! [subject: emailAddress=info@testing.com,CN=local.testing.com,O=localhost,L=Edmonton,ST=AB,C=CA / issuer: emailAddress=info@testing.com,CN=local.testing.com,O=localhost,L=Edmonton,ST=AB,C=CA / serial: CAAC625C37CD2850 / notbefore: Mar 27 15:51:31 2017 GMT / notafter: Mar 27 15:51:31 2019 GMT]
[Mon May 22 09:19:50.095813 2017] [ssl:error] [pid 1727] AH02235: Unable to configure server certificate for stapling
[Mon May 22 09:19:50.095820 2017] [ssl:warn] [pid 1727] AH01906: RSA server certificate is a CA certificate (BasicConstraints: CA == TRUE !?)
[Tue May 23 09:33:43.765679 2017] [ssl:error] [pid 1731] AH02217: ssl_stapling_init_cert: can't retrieve issuer certificate! [subject: emailAddress=info@testing.com,CN=local.testing.com,O=localhost,L=Edmonton,ST=AB,C=CA / issuer: emailAddress=info@testing.com,CN=local.testing.com,O=localhost,L=Edmonton,ST=AB,C=CA / serial: CAAC625C37CD2850 / notbefore: Mar 27 15:51:31 2017 GMT / notafter: Mar 27 15:51:31 2019 GMT]
[Tue May 23 09:33:43.778778 2017] [ssl:error] [pid 1731] AH02235: Unable to configure server certificate for stapling
[Tue May 23 09:33:43.778802 2017] [ssl:warn] [pid 1731] AH01906: RSA server certificate is a CA certificate (BasicConstraints: CA == TRUE !?)
[Tue May 23 09:33:44.586289 2017] [ssl:error] [pid 1732] AH02217: ssl_stapling_init_cert: can't retrieve issuer certificate! [subject: emailAddress=info@testing.com,CN=local.testing.com,O=localhost,L=Edmonton,ST=AB,C=CA / issuer: emailAddress=info@testing.com,CN=local.testing.com,O=localhost,L=Edmonton,ST=AB,C=CA / serial: CAAC625C37CD2850 / notbefore: Mar 27 15:51:31 2017 GMT / notafter: Mar 27 15:51:31 2019 GMT]
[Tue May 23 09:33:44.586312 2017] [ssl:error] [pid 1732] AH02235: Unable to configure server certificate for stapling
[Tue May 23 09:33:44.586319 2017] [ssl:warn] [pid 1732] AH01906: RSA server certificate is a CA certificate (BasicConstraints: CA == TRUE !?)
[Wed May 24 09:28:49.442389 2017] [ssl:error] [pid 1839] AH02217: ssl_stapling_init_cert: can't retrieve issuer certificate! [subject: emailAddress=info@testing.com,CN=local.testing.com,O=localhost,L=Edmonton,ST=AB,C=CA / issuer: emailAddress=info@testing.com,CN=local.testing.com,O=localhost,L=Edmonton,ST=AB,C=CA / serial: CAAC625C37CD2850 / notbefore: Mar 27 15:51:31 2017 GMT / notafter: Mar 27 15:51:31 2019 GMT]
[Wed May 24 09:28:49.533067 2017] [ssl:error] [pid 1839] AH02235: Unable to configure server certificate for stapling
[Wed May 24 09:28:49.533092 2017] [ssl:warn] [pid 1839] AH01906: RSA server certificate is a CA certificate (BasicConstraints: CA == TRUE !?)
[Wed May 24 09:28:50.162977 2017] [ssl:error] [pid 1841] AH02217: ssl_stapling_init_cert: can't retrieve issuer certificate! [subject: emailAddress=info@testing.com,CN=local.testing.com,O=localhost,L=Edmonton,ST=AB,C=CA / issuer: emailAddress=info@testing.com,CN=local.testing.com,O=localhost,L=Edmonton,ST=AB,C=CA / serial: CAAC625C37CD2850 / notbefore: Mar 27 15:51:31 2017 GMT / notafter: Mar 27 15:51:31 2019 GMT]
[Wed May 24 09:28:50.163006 2017] [ssl:error] [pid 1841] AH02235: Unable to configure server certificate for stapling
[Wed May 24 09:28:50.163012 2017] [ssl:warn] [pid 1841] AH01906: RSA server certificate is a CA certificate (BasicConstraints: CA == TRUE !?)
[Wed May 24 22:10:53.237196 2017] [ssl:error] [pid 1669] AH02217: ssl_stapling_init_cert: can't retrieve issuer certificate! [subject: emailAddress=info@testing.com,CN=local.testing.com,O=localhost,L=Edmonton,ST=AB,C=CA / issuer: emailAddress=info@testing.com,CN=local.testing.com,O=localhost,L=Edmonton,ST=AB,C=CA / serial: CAAC625C37CD2850 / notbefore: Mar 27 15:51:31 2017 GMT / notafter: Mar 27 15:51:31 2019 GMT]
[Wed May 24 22:10:53.374726 2017] [ssl:error] [pid 1669] AH02235: Unable to configure server certificate for stapling
[Wed May 24 22:10:53.374750 2017] [ssl:warn] [pid 1669] AH01906: RSA server certificate is a CA certificate (BasicConstraints: CA == TRUE !?)
[Wed May 24 22:10:59.715620 2017] [ssl:error] [pid 1679] AH02217: ssl_stapling_init_cert: can't retrieve issuer certificate! [subject: emailAddress=info@testing.com,CN=local.testing.com,O=localhost,L=Edmonton,ST=AB,C=CA / issuer: emailAddress=info@testing.com,CN=local.testing.com,O=localhost,L=Edmonton,ST=AB,C=CA / serial: CAAC625C37CD2850 / notbefore: Mar 27 15:51:31 2017 GMT / notafter: Mar 27 15:51:31 2019 GMT]
[Wed May 24 22:10:59.715647 2017] [ssl:error] [pid 1679] AH02235: Unable to configure server certificate for stapling
[Wed May 24 22:10:59.715654 2017] [ssl:warn] [pid 1679] AH01906: RSA server certificate is a CA certificate (BasicConstraints: CA == TRUE !?)
[Thu May 25 09:22:15.730823 2017] [ssl:error] [pid 1830] AH02217: ssl_stapling_init_cert: can't retrieve issuer certificate! [subject: emailAddress=info@testing.com,CN=local.testing.com,O=localhost,L=Edmonton,ST=AB,C=CA / issuer: emailAddress=info@testing.com,CN=local.testing.com,O=localhost,L=Edmonton,ST=AB,C=CA / serial: CAAC625C37CD2850 / notbefore: Mar 27 15:51:31 2017 GMT / notafter: Mar 27 15:51:31 2019 GMT]
[Thu May 25 09:22:15.741498 2017] [ssl:error] [pid 1830] AH02235: Unable to configure server certificate for stapling
[Thu May 25 09:22:15.741509 2017] [ssl:warn] [pid 1830] AH01906: RSA server certificate is a CA certificate (BasicConstraints: CA == TRUE !?)
[Thu May 25 09:22:16.284802 2017] [ssl:error] [pid 1831] AH02217: ssl_stapling_init_cert: can't retrieve issuer certificate! [subject: emailAddress=info@testing.com,CN=local.testing.com,O=localhost,L=Edmonton,ST=AB,C=CA / issuer: emailAddress=info@testing.com,CN=local.testing.com,O=localhost,L=Edmonton,ST=AB,C=CA / serial: CAAC625C37CD2850 / notbefore: Mar 27 15:51:31 2017 GMT / notafter: Mar 27 15:51:31 2019 GMT]
[Thu May 25 09:22:16.284822 2017] [ssl:error] [pid 1831] AH02235: Unable to configure server certificate for stapling
[Thu May 25 09:22:16.284828 2017] [ssl:warn] [pid 1831] AH01906: RSA server certificate is a CA certificate (BasicConstraints: CA == TRUE !?)
[Thu May 25 19:09:46.309059 2017] [ssl:error] [pid 1837] AH02217: ssl_stapling_init_cert: can't retrieve issuer certificate! [subject: emailAddress=info@testing.com,CN=local.testing.com,O=localhost,L=Edmonton,ST=AB,C=CA / issuer: emailAddress=info@testing.com,CN=local.testing.com,O=localhost,L=Edmonton,ST=AB,C=CA / serial: CAAC625C37CD2850 / notbefore: Mar 27 15:51:31 2017 GMT / notafter: Mar 27 15:51:31 2019 GMT]
[Thu May 25 19:09:46.319769 2017] [ssl:error] [pid 1837] AH02235: Unable to configure server certificate for stapling
[Thu May 25 19:09:46.319793 2017] [ssl:warn] [pid 1837] AH01906: RSA server certificate is a CA certificate (BasicConstraints: CA == TRUE !?)
[Thu May 25 19:09:47.374319 2017] [ssl:error] [pid 1838] AH02217: ssl_stapling_init_cert: can't retrieve issuer certificate! [subject: emailAddress=info@testing.com,CN=local.testing.com,O=localhost,L=Edmonton,ST=AB,C=CA / issuer: emailAddress=info@testing.com,CN=local.testing.com,O=localhost,L=Edmonton,ST=AB,C=CA / serial: CAAC625C37CD2850 / notbefore: Mar 27 15:51:31 2017 GMT / notafter: Mar 27 15:51:31 2019 GMT]
[Thu May 25 19:09:47.374340 2017] [ssl:error] [pid 1838] AH02235: Unable to configure server certificate for stapling
[Thu May 25 19:09:47.374347 2017] [ssl:warn] [pid 1838] AH01906: RSA server certificate is a CA certificate (BasicConstraints: CA == TRUE !?)
[Thu May 25 22:29:30.473126 2017] [ssl:error] [pid 1879] AH02217: ssl_stapling_init_cert: can't retrieve issuer certificate! [subject: emailAddress=info@testing.com,CN=local.testing.com,O=localhost,L=Edmonton,ST=AB,C=CA / issuer: emailAddress=info@testing.com,CN=local.testing.com,O=localhost,L=Edmonton,ST=AB,C=CA / serial: CAAC625C37CD2850 / notbefore: Mar 27 15:51:31 2017 GMT / notafter: Mar 27 15:51:31 2019 GMT]
[Thu May 25 22:29:30.483790 2017] [ssl:error] [pid 1879] AH02235: Unable to configure server certificate for stapling
[Thu May 25 22:29:30.483814 2017] [ssl:warn] [pid 1879] AH01906: RSA server certificate is a CA certificate (BasicConstraints: CA == TRUE !?)
[Thu May 25 22:29:31.138367 2017] [ssl:error] [pid 1880] AH02217: ssl_stapling_init_cert: can't retrieve issuer certificate! [subject: emailAddress=info@testing.com,CN=local.testing.com,O=localhost,L=Edmonton,ST=AB,C=CA / issuer: emailAddress=info@testing.com,CN=local.testing.com,O=localhost,L=Edmonton,ST=AB,C=CA / serial: CAAC625C37CD2850 / notbefore: Mar 27 15:51:31 2017 GMT / notafter: Mar 27 15:51:31 2019 GMT]
[Thu May 25 22:29:31.138395 2017] [ssl:error] [pid 1880] AH02235: Unable to configure server certificate for stapling
[Thu May 25 22:29:31.138402 2017] [ssl:warn] [pid 1880] AH01906: RSA server certificate is a CA certificate (BasicConstraints: CA == TRUE !?)
[Fri May 26 02:30:28.728739 2017] [ssl:error] [pid 1674] AH02217: ssl_stapling_init_cert: can't retrieve issuer certificate! [subject: emailAddress=info@testing.com,CN=local.testing.com,O=localhost,L=Edmonton,ST=AB,C=CA / issuer: emailAddress=info@testing.com,CN=local.testing.com,O=localhost,L=Edmonton,ST=AB,C=CA / serial: CAAC625C37CD2850 / notbefore: Mar 27 15:51:31 2017 GMT / notafter: Mar 27 15:51:31 2019 GMT]
[Fri May 26 02:30:28.741934 2017] [ssl:error] [pid 1674] AH02235: Unable to configure server certificate for stapling
[Fri May 26 02:30:28.741955 2017] [ssl:warn] [pid 1674] AH01906: RSA server certificate is a CA certificate (BasicConstraints: CA == TRUE !?)
[Fri May 26 02:30:29.726972 2017] [ssl:error] [pid 1675] AH02217: ssl_stapling_init_cert: can't retrieve issuer certificate! [subject: emailAddress=info@testing.com,CN=local.testing.com,O=localhost,L=Edmonton,ST=AB,C=CA / issuer: emailAddress=info@testing.com,CN=local.testing.com,O=localhost,L=Edmonton,ST=AB,C=CA / serial: CAAC625C37CD2850 / notbefore: Mar 27 15:51:31 2017 GMT / notafter: Mar 27 15:51:31 2019 GMT]
[Fri May 26 02:30:29.726992 2017] [ssl:error] [pid 1675] AH02235: Unable to configure server certificate for stapling
[Fri May 26 02:30:29.726998 2017] [ssl:warn] [pid 1675] AH01906: RSA server certificate is a CA certificate (BasicConstraints: CA == TRUE !?)
[Fri May 26 07:28:59.452478 2017] [ssl:error] [pid 1680] AH02217: ssl_stapling_init_cert: can't retrieve issuer certificate! [subject: emailAddress=info@testing.com,CN=local.testing.com,O=localhost,L=Edmonton,ST=AB,C=CA / issuer: emailAddress=info@testing.com,CN=local.testing.com,O=localhost,L=Edmonton,ST=AB,C=CA / serial: CAAC625C37CD2850 / notbefore: Mar 27 15:51:31 2017 GMT / notafter: Mar 27 15:51:31 2019 GMT]
[Fri May 26 07:28:59.465926 2017] [ssl:error] [pid 1680] AH02235: Unable to configure server certificate for stapling
[Fri May 26 07:28:59.465938 2017] [ssl:warn] [pid 1680] AH01906: RSA server certificate is a CA certificate (BasicConstraints: CA == TRUE !?)
[Fri May 26 07:29:00.262116 2017] [ssl:error] [pid 1682] AH02217: ssl_stapling_init_cert: can't retrieve issuer certificate! [subject: emailAddress=info@testing.com,CN=local.testing.com,O=localhost,L=Edmonton,ST=AB,C=CA / issuer: emailAddress=info@testing.com,CN=local.testing.com,O=localhost,L=Edmonton,ST=AB,C=CA / serial: CAAC625C37CD2850 / notbefore: Mar 27 15:51:31 2017 GMT / notafter: Mar 27 15:51:31 2019 GMT]
[Fri May 26 07:29:00.262136 2017] [ssl:error] [pid 1682] AH02235: Unable to configure server certificate for stapling
[Fri May 26 07:29:00.262142 2017] [ssl:warn] [pid 1682] AH01906: RSA server certificate is a CA certificate (BasicConstraints: CA == TRUE !?)
[Fri May 26 08:25:31.542341 2017] [ssl:error] [pid 1673] AH02217: ssl_stapling_init_cert: can't retrieve issuer certificate! [subject: emailAddress=info@testing.com,CN=local.testing.com,O=localhost,L=Edmonton,ST=AB,C=CA / issuer: emailAddress=info@testing.com,CN=local.testing.com,O=localhost,L=Edmonton,ST=AB,C=CA / serial: CAAC625C37CD2850 / notbefore: Mar 27 15:51:31 2017 GMT / notafter: Mar 27 15:51:31 2019 GMT]
[Fri May 26 08:25:31.555788 2017] [ssl:error] [pid 1673] AH02235: Unable to configure server certificate for stapling
[Fri May 26 08:25:31.555813 2017] [ssl:warn] [pid 1673] AH01906: RSA server certificate is a CA certificate (BasicConstraints: CA == TRUE !?)
[Fri May 26 08:25:32.262890 2017] [ssl:error] [pid 1674] AH02217: ssl_stapling_init_cert: can't retrieve issuer certificate! [subject: emailAddress=info@testing.com,CN=local.testing.com,O=localhost,L=Edmonton,ST=AB,C=CA / issuer: emailAddress=info@testing.com,CN=local.testing.com,O=localhost,L=Edmonton,ST=AB,C=CA / serial: CAAC625C37CD2850 / notbefore: Mar 27 15:51:31 2017 GMT / notafter: Mar 27 15:51:31 2019 GMT]
[Fri May 26 08:25:32.262918 2017] [ssl:error] [pid 1674] AH02235: Unable to configure server certificate for stapling
[Fri May 26 08:25:32.262926 2017] [ssl:warn] [pid 1674] AH01906: RSA server certificate is a CA certificate (BasicConstraints: CA == TRUE !?)
[Fri May 26 11:45:35.297632 2017] [ssl:error] [pid 1836] AH02217: ssl_stapling_init_cert: can't retrieve issuer certificate! [subject: emailAddress=info@testing.com,CN=local.testing.com,O=localhost,L=Edmonton,ST=AB,C=CA / issuer: emailAddress=info@testing.com,CN=local.testing.com,O=localhost,L=Edmonton,ST=AB,C=CA / serial: CAAC625C37CD2850 / notbefore: Mar 27 15:51:31 2017 GMT / notafter: Mar 27 15:51:31 2019 GMT]
[Fri May 26 11:45:35.375977 2017] [ssl:error] [pid 1836] AH02235: Unable to configure server certificate for stapling
[Fri May 26 11:45:35.376001 2017] [ssl:warn] [pid 1836] AH01906: RSA server certificate is a CA certificate (BasicConstraints: CA == TRUE !?)
[Fri May 26 11:45:36.162679 2017] [ssl:error] [pid 1837] AH02217: ssl_stapling_init_cert: can't retrieve issuer certificate! [subject: emailAddress=info@testing.com,CN=local.testing.com,O=localhost,L=Edmonton,ST=AB,C=CA / issuer: emailAddress=info@testing.com,CN=local.testing.com,O=localhost,L=Edmonton,ST=AB,C=CA / serial: CAAC625C37CD2850 / notbefore: Mar 27 15:51:31 2017 GMT / notafter: Mar 27 15:51:31 2019 GMT]
[Fri May 26 11:45:36.162701 2017] [ssl:error] [pid 1837] AH02235: Unable to configure server certificate for stapling
[Fri May 26 11:45:36.162707 2017] [ssl:warn] [pid 1837] AH01906: RSA server certificate is a CA certificate (BasicConstraints: CA == TRUE !?)
[Fri May 26 12:54:55.908908 2017] [ssl:error] [pid 1833] AH02217: ssl_stapling_init_cert: can't retrieve issuer certificate! [subject: emailAddress=info@testing.com,CN=local.testing.com,O=localhost,L=Edmonton,ST=AB,C=CA / issuer: emailAddress=info@testing.com,CN=local.testing.com,O=localhost,L=Edmonton,ST=AB,C=CA / serial: CAAC625C37CD2850 / notbefore: Mar 27 15:51:31 2017 GMT / notafter: Mar 27 15:51:31 2019 GMT]
[Fri May 26 12:54:55.920560 2017] [ssl:error] [pid 1833] AH02235: Unable to configure server certificate for stapling
[Fri May 26 12:54:55.920584 2017] [ssl:warn] [pid 1833] AH01906: RSA server certificate is a CA certificate (BasicConstraints: CA == TRUE !?)
[Fri May 26 12:54:56.956512 2017] [ssl:error] [pid 1835] AH02217: ssl_stapling_init_cert: can't retrieve issuer certificate! [subject: emailAddress=info@testing.com,CN=local.testing.com,O=localhost,L=Edmonton,ST=AB,C=CA / issuer: emailAddress=info@testing.com,CN=local.testing.com,O=localhost,L=Edmonton,ST=AB,C=CA / serial: CAAC625C37CD2850 / notbefore: Mar 27 15:51:31 2017 GMT / notafter: Mar 27 15:51:31 2019 GMT]
[Fri May 26 12:54:56.956527 2017] [ssl:error] [pid 1835] AH02235: Unable to configure server certificate for stapling
[Fri May 26 12:54:56.956533 2017] [ssl:warn] [pid 1835] AH01906: RSA server certificate is a CA certificate (BasicConstraints: CA == TRUE !?)
[Fri May 26 20:15:44.584767 2017] [ssl:error] [pid 1834] AH02217: ssl_stapling_init_cert: can't retrieve issuer certificate! [subject: emailAddress=info@testing.com,CN=local.testing.com,O=localhost,L=Edmonton,ST=AB,C=CA / issuer: emailAddress=info@testing.com,CN=local.testing.com,O=localhost,L=Edmonton,ST=AB,C=CA / serial: CAAC625C37CD2850 / notbefore: Mar 27 15:51:31 2017 GMT / notafter: Mar 27 15:51:31 2019 GMT]
[Fri May 26 20:15:44.596342 2017] [ssl:error] [pid 1834] AH02235: Unable to configure server certificate for stapling
[Fri May 26 20:15:44.596366 2017] [ssl:warn] [pid 1834] AH01906: RSA server certificate is a CA certificate (BasicConstraints: CA == TRUE !?)
[Fri May 26 20:15:45.383294 2017] [ssl:error] [pid 1835] AH02217: ssl_stapling_init_cert: can't retrieve issuer certificate! [subject: emailAddress=info@testing.com,CN=local.testing.com,O=localhost,L=Edmonton,ST=AB,C=CA / issuer: emailAddress=info@testing.com,CN=local.testing.com,O=localhost,L=Edmonton,ST=AB,C=CA / serial: CAAC625C37CD2850 / notbefore: Mar 27 15:51:31 2017 GMT / notafter: Mar 27 15:51:31 2019 GMT]
[Fri May 26 20:15:45.383321 2017] [ssl:error] [pid 1835] AH02235: Unable to configure server certificate for stapling
[Fri May 26 20:15:45.383327 2017] [ssl:warn] [pid 1835] AH01906: RSA server certificate is a CA certificate (BasicConstraints: CA == TRUE !?)
[Sat May 27 10:12:36.562241 2017] [ssl:error] [pid 1685] AH02217: ssl_stapling_init_cert: can't retrieve issuer certificate! [subject: emailAddress=info@testing.com,CN=local.testing.com,O=localhost,L=Edmonton,ST=AB,C=CA / issuer: emailAddress=info@testing.com,CN=local.testing.com,O=localhost,L=Edmonton,ST=AB,C=CA / serial: CAAC625C37CD2850 / notbefore: Mar 27 15:51:31 2017 GMT / notafter: Mar 27 15:51:31 2019 GMT]
[Sat May 27 10:12:36.612100 2017] [ssl:error] [pid 1685] AH02235: Unable to configure server certificate for stapling
[Sat May 27 10:12:36.612129 2017] [ssl:warn] [pid 1685] AH01906: RSA server certificate is a CA certificate (BasicConstraints: CA == TRUE !?)
[Sat May 27 10:12:37.393969 2017] [ssl:error] [pid 1686] AH02217: ssl_stapling_init_cert: can't retrieve issuer certificate! [subject: emailAddress=info@testing.com,CN=local.testing.com,O=localhost,L=Edmonton,ST=AB,C=CA / issuer: emailAddress=info@testing.com,CN=local.testing.com,O=localhost,L=Edmonton,ST=AB,C=CA / serial: CAAC625C37CD2850 / notbefore: Mar 27 15:51:31 2017 GMT / notafter: Mar 27 15:51:31 2019 GMT]
[Sat May 27 10:12:37.393989 2017] [ssl:error] [pid 1686] AH02235: Unable to configure server certificate for stapling
[Sat May 27 10:12:37.393995 2017] [ssl:warn] [pid 1686] AH01906: RSA server certificate is a CA certificate (BasicConstraints: CA == TRUE !?)
[Sat May 27 14:48:29.563616 2017] [ssl:error] [pid 1996] AH02217: ssl_stapling_init_cert: can't retrieve issuer certificate! [subject: emailAddress=info@testing.com,CN=local.testing.com,O=localhost,L=Edmonton,ST=AB,C=CA / issuer: emailAddress=info@testing.com,CN=local.testing.com,O=localhost,L=Edmonton,ST=AB,C=CA / serial: CAAC625C37CD2850 / notbefore: Mar 27 15:51:31 2017 GMT / notafter: Mar 27 15:51:31 2019 GMT]
[Sat May 27 14:48:29.602313 2017] [ssl:error] [pid 1996] AH02235: Unable to configure server certificate for stapling
[Sat May 27 14:48:29.602334 2017] [ssl:warn] [pid 1996] AH01906: RSA server certificate is a CA certificate (BasicConstraints: CA == TRUE !?)
[Sat May 27 14:48:32.538480 2017] [ssl:error] [pid 1997] AH02217: ssl_stapling_init_cert: can't retrieve issuer certificate! [subject: emailAddress=info@testing.com,CN=local.testing.com,O=localhost,L=Edmonton,ST=AB,C=CA / issuer: emailAddress=info@testing.com,CN=local.testing.com,O=localhost,L=Edmonton,ST=AB,C=CA / serial: CAAC625C37CD2850 / notbefore: Mar 27 15:51:31 2017 GMT / notafter: Mar 27 15:51:31 2019 GMT]
[Sat May 27 14:48:32.538501 2017] [ssl:error] [pid 1997] AH02235: Unable to configure server certificate for stapling
[Sat May 27 14:48:32.538508 2017] [ssl:warn] [pid 1997] AH01906: RSA server certificate is a CA certificate (BasicConstraints: CA == TRUE !?)
[Sat May 27 23:19:15.559498 2017] [ssl:error] [pid 1750] AH02217: ssl_stapling_init_cert: can't retrieve issuer certificate! [subject: emailAddress=info@testing.com,CN=local.testing.com,O=localhost,L=Edmonton,ST=AB,C=CA / issuer: emailAddress=info@testing.com,CN=local.testing.com,O=localhost,L=Edmonton,ST=AB,C=CA / serial: CAAC625C37CD2850 / notbefore: Mar 27 15:51:31 2017 GMT / notafter: Mar 27 15:51:31 2019 GMT]
[Sat May 27 23:19:15.564938 2017] [ssl:error] [pid 1750] AH02235: Unable to configure server certificate for stapling
[Sat May 27 23:19:15.564961 2017] [ssl:warn] [pid 1750] AH01906: RSA server certificate is a CA certificate (BasicConstraints: CA == TRUE !?)
[Sat May 27 23:19:16.413558 2017] [ssl:error] [pid 1751] AH02217: ssl_stapling_init_cert: can't retrieve issuer certificate! [subject: emailAddress=info@testing.com,CN=local.testing.com,O=localhost,L=Edmonton,ST=AB,C=CA / issuer: emailAddress=info@testing.com,CN=local.testing.com,O=localhost,L=Edmonton,ST=AB,C=CA / serial: CAAC625C37CD2850 / notbefore: Mar 27 15:51:31 2017 GMT / notafter: Mar 27 15:51:31 2019 GMT]
[Sat May 27 23:19:16.413584 2017] [ssl:error] [pid 1751] AH02235: Unable to configure server certificate for stapling
[Sat May 27 23:19:16.413591 2017] [ssl:warn] [pid 1751] AH01906: RSA server certificate is a CA certificate (BasicConstraints: CA == TRUE !?)
[Sun May 28 22:07:30.493114 2017] [ssl:error] [pid 1672] AH02217: ssl_stapling_init_cert: can't retrieve issuer certificate! [subject: emailAddress=info@testing.com,CN=local.testing.com,O=localhost,L=Edmonton,ST=AB,C=CA / issuer: emailAddress=info@testing.com,CN=local.testing.com,O=localhost,L=Edmonton,ST=AB,C=CA / serial: CAAC625C37CD2850 / notbefore: Mar 27 15:51:31 2017 GMT / notafter: Mar 27 15:51:31 2019 GMT]
[Sun May 28 22:07:30.551189 2017] [ssl:error] [pid 1672] AH02235: Unable to configure server certificate for stapling
[Sun May 28 22:07:30.551210 2017] [ssl:warn] [pid 1672] AH01906: RSA server certificate is a CA certificate (BasicConstraints: CA == TRUE !?)
[Sun May 28 22:07:31.225028 2017] [ssl:error] [pid 1681] AH02217: ssl_stapling_init_cert: can't retrieve issuer certificate! [subject: emailAddress=info@testing.com,CN=local.testing.com,O=localhost,L=Edmonton,ST=AB,C=CA / issuer: emailAddress=info@testing.com,CN=local.testing.com,O=localhost,L=Edmonton,ST=AB,C=CA / serial: CAAC625C37CD2850 / notbefore: Mar 27 15:51:31 2017 GMT / notafter: Mar 27 15:51:31 2019 GMT]
[Sun May 28 22:07:31.225048 2017] [ssl:error] [pid 1681] AH02235: Unable to configure server certificate for stapling
[Sun May 28 22:07:31.225055 2017] [ssl:warn] [pid 1681] AH01906: RSA server certificate is a CA certificate (BasicConstraints: CA == TRUE !?)
[Mon May 29 09:40:58.630921 2017] [ssl:error] [pid 1735] AH02217: ssl_stapling_init_cert: can't retrieve issuer certificate! [subject: emailAddress=info@testing.com,CN=local.testing.com,O=localhost,L=Edmonton,ST=AB,C=CA / issuer: emailAddress=info@testing.com,CN=local.testing.com,O=localhost,L=Edmonton,ST=AB,C=CA / serial: CAAC625C37CD2850 / notbefore: Mar 27 15:51:31 2017 GMT / notafter: Mar 27 15:51:31 2019 GMT]
[Mon May 29 09:40:58.711272 2017] [ssl:error] [pid 1735] AH02235: Unable to configure server certificate for stapling
[Mon May 29 09:40:58.711294 2017] [ssl:warn] [pid 1735] AH01906: RSA server certificate is a CA certificate (BasicConstraints: CA == TRUE !?)
[Mon May 29 09:40:59.429434 2017] [ssl:error] [pid 1736] AH02217: ssl_stapling_init_cert: can't retrieve issuer certificate! [subject: emailAddress=info@testing.com,CN=local.testing.com,O=localhost,L=Edmonton,ST=AB,C=CA / issuer: emailAddress=info@testing.com,CN=local.testing.com,O=localhost,L=Edmonton,ST=AB,C=CA / serial: CAAC625C37CD2850 / notbefore: Mar 27 15:51:31 2017 GMT / notafter: Mar 27 15:51:31 2019 GMT]
[Mon May 29 09:40:59.429456 2017] [ssl:error] [pid 1736] AH02235: Unable to configure server certificate for stapling
[Mon May 29 09:40:59.429462 2017] [ssl:warn] [pid 1736] AH01906: RSA server certificate is a CA certificate (BasicConstraints: CA == TRUE !?)
[Tue May 30 09:40:21.240681 2017] [ssl:error] [pid 1707] AH02217: ssl_stapling_init_cert: can't retrieve issuer certificate! [subject: emailAddress=info@testing.com,CN=local.testing.com,O=localhost,L=Edmonton,ST=AB,C=CA / issuer: emailAddress=info@testing.com,CN=local.testing.com,O=localhost,L=Edmonton,ST=AB,C=CA / serial: CAAC625C37CD2850 / notbefore: Mar 27 15:51:31 2017 GMT / notafter: Mar 27 15:51:31 2019 GMT]
[Tue May 30 09:40:21.276500 2017] [ssl:error] [pid 1707] AH02235: Unable to configure server certificate for stapling
[Tue May 30 09:40:21.276525 2017] [ssl:warn] [pid 1707] AH01906: RSA server certificate is a CA certificate (BasicConstraints: CA == TRUE !?)
[Tue May 30 09:40:21.939119 2017] [ssl:error] [pid 1709] AH02217: ssl_stapling_init_cert: can't retrieve issuer certificate! [subject: emailAddress=info@testing.com,CN=local.testing.com,O=localhost,L=Edmonton,ST=AB,C=CA / issuer: emailAddress=info@testing.com,CN=local.testing.com,O=localhost,L=Edmonton,ST=AB,C=CA / serial: CAAC625C37CD2850 / notbefore: Mar 27 15:51:31 2017 GMT / notafter: Mar 27 15:51:31 2019 GMT]
[Tue May 30 09:40:21.939142 2017] [ssl:error] [pid 1709] AH02235: Unable to configure server certificate for stapling
[Tue May 30 09:40:21.939148 2017] [ssl:warn] [pid 1709] AH01906: RSA server certificate is a CA certificate (BasicConstraints: CA == TRUE !?)
[Tue May 30 10:24:42.992117 2017] [ssl:error] [pid 1709] AH02217: ssl_stapling_init_cert: can't retrieve issuer certificate! [subject: emailAddress=info@testing.com,CN=local.testing.com,O=localhost,L=Edmonton,ST=AB,C=CA / issuer: emailAddress=info@testing.com,CN=local.testing.com,O=localhost,L=Edmonton,ST=AB,C=CA / serial: CAAC625C37CD2850 / notbefore: Mar 27 15:51:31 2017 GMT / notafter: Mar 27 15:51:31 2019 GMT]
[Tue May 30 10:24:42.992134 2017] [ssl:error] [pid 1709] AH02235: Unable to configure server certificate for stapling
[Tue May 30 10:24:42.992141 2017] [ssl:warn] [pid 1709] AH01906: RSA server certificate is a CA certificate (BasicConstraints: CA == TRUE !?)
[Tue May 30 17:19:34.575028 2017] [ssl:error] [pid 2033] AH02217: ssl_stapling_init_cert: can't retrieve issuer certificate! [subject: emailAddress=info@testing.com,CN=local.testing.com,O=localhost,L=Edmonton,ST=AB,C=CA / issuer: emailAddress=info@testing.com,CN=local.testing.com,O=localhost,L=Edmonton,ST=AB,C=CA / serial: CAAC625C37CD2850 / notbefore: Mar 27 15:51:31 2017 GMT / notafter: Mar 27 15:51:31 2019 GMT]
[Tue May 30 17:19:34.609205 2017] [ssl:error] [pid 2033] AH02235: Unable to configure server certificate for stapling
[Tue May 30 17:19:34.609230 2017] [ssl:warn] [pid 2033] AH01906: RSA server certificate is a CA certificate (BasicConstraints: CA == TRUE !?)
[Tue May 30 17:19:36.828351 2017] [ssl:error] [pid 2043] AH02217: ssl_stapling_init_cert: can't retrieve issuer certificate! [subject: emailAddress=info@testing.com,CN=local.testing.com,O=localhost,L=Edmonton,ST=AB,C=CA / issuer: emailAddress=info@testing.com,CN=local.testing.com,O=localhost,L=Edmonton,ST=AB,C=CA / serial: CAAC625C37CD2850 / notbefore: Mar 27 15:51:31 2017 GMT / notafter: Mar 27 15:51:31 2019 GMT]
[Tue May 30 17:19:36.828372 2017] [ssl:error] [pid 2043] AH02235: Unable to configure server certificate for stapling
[Tue May 30 17:19:36.828378 2017] [ssl:warn] [pid 2043] AH01906: RSA server certificate is a CA certificate (BasicConstraints: CA == TRUE !?)
[Tue May 30 21:04:10.263612 2017] [ssl:error] [pid 1849] AH02217: ssl_stapling_init_cert: can't retrieve issuer certificate! [subject: emailAddress=info@testing.com,CN=local.testing.com,O=localhost,L=Edmonton,ST=AB,C=CA / issuer: emailAddress=info@testing.com,CN=local.testing.com,O=localhost,L=Edmonton,ST=AB,C=CA / serial: CAAC625C37CD2850 / notbefore: Mar 27 15:51:31 2017 GMT / notafter: Mar 27 15:51:31 2019 GMT]
[Tue May 30 21:04:10.331048 2017] [ssl:error] [pid 1849] AH02235: Unable to configure server certificate for stapling
[Tue May 30 21:04:10.331073 2017] [ssl:warn] [pid 1849] AH01906: RSA server certificate is a CA certificate (BasicConstraints: CA == TRUE !?)
[Tue May 30 21:04:10.995365 2017] [ssl:error] [pid 1850] AH02217: ssl_stapling_init_cert: can't retrieve issuer certificate! [subject: emailAddress=info@testing.com,CN=local.testing.com,O=localhost,L=Edmonton,ST=AB,C=CA / issuer: emailAddress=info@testing.com,CN=local.testing.com,O=localhost,L=Edmonton,ST=AB,C=CA / serial: CAAC625C37CD2850 / notbefore: Mar 27 15:51:31 2017 GMT / notafter: Mar 27 15:51:31 2019 GMT]
[Tue May 30 21:04:10.995381 2017] [ssl:error] [pid 1850] AH02235: Unable to configure server certificate for stapling
[Tue May 30 21:04:10.995387 2017] [ssl:warn] [pid 1850] AH01906: RSA server certificate is a CA certificate (BasicConstraints: CA == TRUE !?)
[Wed May 31 09:27:47.477808 2017] [ssl:error] [pid 1864] AH02217: ssl_stapling_init_cert: can't retrieve issuer certificate! [subject: emailAddress=info@testing.com,CN=local.testing.com,O=localhost,L=Edmonton,ST=AB,C=CA / issuer: emailAddress=info@testing.com,CN=local.testing.com,O=localhost,L=Edmonton,ST=AB,C=CA / serial: CAAC625C37CD2850 / notbefore: Mar 27 15:51:31 2017 GMT / notafter: Mar 27 15:51:31 2019 GMT]
[Wed May 31 09:27:47.556486 2017] [ssl:error] [pid 1864] AH02235: Unable to configure server certificate for stapling
[Wed May 31 09:27:47.556507 2017] [ssl:warn] [pid 1864] AH01906: RSA server certificate is a CA certificate (BasicConstraints: CA == TRUE !?)
[Wed May 31 09:27:48.287281 2017] [ssl:error] [pid 1865] AH02217: ssl_stapling_init_cert: can't retrieve issuer certificate! [subject: emailAddress=info@testing.com,CN=local.testing.com,O=localhost,L=Edmonton,ST=AB,C=CA / issuer: emailAddress=info@testing.com,CN=local.testing.com,O=localhost,L=Edmonton,ST=AB,C=CA / serial: CAAC625C37CD2850 / notbefore: Mar 27 15:51:31 2017 GMT / notafter: Mar 27 15:51:31 2019 GMT]
[Wed May 31 09:27:48.287300 2017] [ssl:error] [pid 1865] AH02235: Unable to configure server certificate for stapling
[Wed May 31 09:27:48.287306 2017] [ssl:warn] [pid 1865] AH01906: RSA server certificate is a CA certificate (BasicConstraints: CA == TRUE !?)
[Thu Jun 01 09:29:29.398450 2017] [ssl:error] [pid 1824] AH02217: ssl_stapling_init_cert: can't retrieve issuer certificate! [subject: emailAddress=info@testing.com,CN=local.testing.com,O=localhost,L=Edmonton,ST=AB,C=CA / issuer: emailAddress=info@testing.com,CN=local.testing.com,O=localhost,L=Edmonton,ST=AB,C=CA / serial: CAAC625C37CD2850 / notbefore: Mar 27 15:51:31 2017 GMT / notafter: Mar 27 15:51:31 2019 GMT]
[Thu Jun 01 09:29:29.408259 2017] [ssl:error] [pid 1824] AH02235: Unable to configure server certificate for stapling
[Thu Jun 01 09:29:29.408285 2017] [ssl:warn] [pid 1824] AH01906: RSA server certificate is a CA certificate (BasicConstraints: CA == TRUE !?)
[Thu Jun 01 09:29:30.030188 2017] [ssl:error] [pid 1826] AH02217: ssl_stapling_init_cert: can't retrieve issuer certificate! [subject: emailAddress=info@testing.com,CN=local.testing.com,O=localhost,L=Edmonton,ST=AB,C=CA / issuer: emailAddress=info@testing.com,CN=local.testing.com,O=localhost,L=Edmonton,ST=AB,C=CA / serial: CAAC625C37CD2850 / notbefore: Mar 27 15:51:31 2017 GMT / notafter: Mar 27 15:51:31 2019 GMT]
[Thu Jun 01 09:29:30.030208 2017] [ssl:error] [pid 1826] AH02235: Unable to configure server certificate for stapling
[Thu Jun 01 09:29:30.030215 2017] [ssl:warn] [pid 1826] AH01906: RSA server certificate is a CA certificate (BasicConstraints: CA == TRUE !?)
[Fri Jun 02 08:38:55.486551 2017] [ssl:error] [pid 1667] AH02217: ssl_stapling_init_cert: can't retrieve issuer certificate! [subject: emailAddress=info@testing.com,CN=local.testing.com,O=localhost,L=Edmonton,ST=AB,C=CA / issuer: emailAddress=info@testing.com,CN=local.testing.com,O=localhost,L=Edmonton,ST=AB,C=CA / serial: CAAC625C37CD2850 / notbefore: Mar 27 15:51:31 2017 GMT / notafter: Mar 27 15:51:31 2019 GMT]
[Fri Jun 02 08:38:55.540788 2017] [ssl:error] [pid 1667] AH02235: Unable to configure server certificate for stapling
[Fri Jun 02 08:38:55.540812 2017] [ssl:warn] [pid 1667] AH01906: RSA server certificate is a CA certificate (BasicConstraints: CA == TRUE !?)
[Fri Jun 02 08:38:56.496061 2017] [ssl:error] [pid 1668] AH02217: ssl_stapling_init_cert: can't retrieve issuer certificate! [subject: emailAddress=info@testing.com,CN=local.testing.com,O=localhost,L=Edmonton,ST=AB,C=CA / issuer: emailAddress=info@testing.com,CN=local.testing.com,O=localhost,L=Edmonton,ST=AB,C=CA / serial: CAAC625C37CD2850 / notbefore: Mar 27 15:51:31 2017 GMT / notafter: Mar 27 15:51:31 2019 GMT]
[Fri Jun 02 08:38:56.496082 2017] [ssl:error] [pid 1668] AH02235: Unable to configure server certificate for stapling
[Fri Jun 02 08:38:56.496088 2017] [ssl:warn] [pid 1668] AH01906: RSA server certificate is a CA certificate (BasicConstraints: CA == TRUE !?)
[Sat Jun 03 12:16:46.597185 2017] [ssl:error] [pid 1827] AH02217: ssl_stapling_init_cert: can't retrieve issuer certificate! [subject: emailAddress=info@testing.com,CN=local.testing.com,O=localhost,L=Edmonton,ST=AB,C=CA / issuer: emailAddress=info@testing.com,CN=local.testing.com,O=localhost,L=Edmonton,ST=AB,C=CA / serial: CAAC625C37CD2850 / notbefore: Mar 27 15:51:31 2017 GMT / notafter: Mar 27 15:51:31 2019 GMT]
[Sat Jun 03 12:16:46.662452 2017] [ssl:error] [pid 1827] AH02235: Unable to configure server certificate for stapling
[Sat Jun 03 12:16:46.662475 2017] [ssl:warn] [pid 1827] AH01906: RSA server certificate is a CA certificate (BasicConstraints: CA == TRUE !?)
[Sat Jun 03 12:16:47.473719 2017] [ssl:error] [pid 1828] AH02217: ssl_stapling_init_cert: can't retrieve issuer certificate! [subject: emailAddress=info@testing.com,CN=local.testing.com,O=localhost,L=Edmonton,ST=AB,C=CA / issuer: emailAddress=info@testing.com,CN=local.testing.com,O=localhost,L=Edmonton,ST=AB,C=CA / serial: CAAC625C37CD2850 / notbefore: Mar 27 15:51:31 2017 GMT / notafter: Mar 27 15:51:31 2019 GMT]
[Sat Jun 03 12:16:47.473739 2017] [ssl:error] [pid 1828] AH02235: Unable to configure server certificate for stapling
[Sat Jun 03 12:16:47.473745 2017] [ssl:warn] [pid 1828] AH01906: RSA server certificate is a CA certificate (BasicConstraints: CA == TRUE !?)
[Sun Jun 04 11:27:22.647273 2017] [ssl:error] [pid 1728] AH02217: ssl_stapling_init_cert: can't retrieve issuer certificate! [subject: emailAddress=info@testing.com,CN=local.testing.com,O=localhost,L=Edmonton,ST=AB,C=CA / issuer: emailAddress=info@testing.com,CN=local.testing.com,O=localhost,L=Edmonton,ST=AB,C=CA / serial: CAAC625C37CD2850 / notbefore: Mar 27 15:51:31 2017 GMT / notafter: Mar 27 15:51:31 2019 GMT]
[Sun Jun 04 11:27:22.660451 2017] [ssl:error] [pid 1728] AH02235: Unable to configure server certificate for stapling
[Sun Jun 04 11:27:22.660477 2017] [ssl:warn] [pid 1728] AH01906: RSA server certificate is a CA certificate (BasicConstraints: CA == TRUE !?)
[Sun Jun 04 11:27:24.657010 2017] [ssl:error] [pid 1769] AH02217: ssl_stapling_init_cert: can't retrieve issuer certificate! [subject: emailAddress=info@testing.com,CN=local.testing.com,O=localhost,L=Edmonton,ST=AB,C=CA / issuer: emailAddress=info@testing.com,CN=local.testing.com,O=localhost,L=Edmonton,ST=AB,C=CA / serial: CAAC625C37CD2850 / notbefore: Mar 27 15:51:31 2017 GMT / notafter: Mar 27 15:51:31 2019 GMT]
[Sun Jun 04 11:27:24.657031 2017] [ssl:error] [pid 1769] AH02235: Unable to configure server certificate for stapling
[Sun Jun 04 11:27:24.657037 2017] [ssl:warn] [pid 1769] AH01906: RSA server certificate is a CA certificate (BasicConstraints: CA == TRUE !?)
[Sun Jun 04 21:38:03.351993 2017] [ssl:error] [pid 1840] AH02217: ssl_stapling_init_cert: can't retrieve issuer certificate! [subject: emailAddress=info@testing.com,CN=local.testing.com,O=localhost,L=Edmonton,ST=AB,C=CA / issuer: emailAddress=info@testing.com,CN=local.testing.com,O=localhost,L=Edmonton,ST=AB,C=CA / serial: CAAC625C37CD2850 / notbefore: Mar 27 15:51:31 2017 GMT / notafter: Mar 27 15:51:31 2019 GMT]
[Sun Jun 04 21:38:03.365062 2017] [ssl:error] [pid 1840] AH02235: Unable to configure server certificate for stapling
[Sun Jun 04 21:38:03.365073 2017] [ssl:warn] [pid 1840] AH01906: RSA server certificate is a CA certificate (BasicConstraints: CA == TRUE !?)
[Sun Jun 04 21:38:04.883794 2017] [ssl:error] [pid 1841] AH02217: ssl_stapling_init_cert: can't retrieve issuer certificate! [subject: emailAddress=info@testing.com,CN=local.testing.com,O=localhost,L=Edmonton,ST=AB,C=CA / issuer: emailAddress=info@testing.com,CN=local.testing.com,O=localhost,L=Edmonton,ST=AB,C=CA / serial: CAAC625C37CD2850 / notbefore: Mar 27 15:51:31 2017 GMT / notafter: Mar 27 15:51:31 2019 GMT]
[Sun Jun 04 21:38:04.883815 2017] [ssl:error] [pid 1841] AH02235: Unable to configure server certificate for stapling
[Sun Jun 04 21:38:04.883821 2017] [ssl:warn] [pid 1841] AH01906: RSA server certificate is a CA certificate (BasicConstraints: CA == TRUE !?)
[Mon Jun 05 09:33:31.408150 2017] [ssl:error] [pid 1710] AH02217: ssl_stapling_init_cert: can't retrieve issuer certificate! [subject: emailAddress=info@testing.com,CN=local.testing.com,O=localhost,L=Edmonton,ST=AB,C=CA / issuer: emailAddress=info@testing.com,CN=local.testing.com,O=localhost,L=Edmonton,ST=AB,C=CA / serial: CAAC625C37CD2850 / notbefore: Mar 27 15:51:31 2017 GMT / notafter: Mar 27 15:51:31 2019 GMT]
[Mon Jun 05 09:33:31.421373 2017] [ssl:error] [pid 1710] AH02235: Unable to configure server certificate for stapling
[Mon Jun 05 09:33:31.421384 2017] [ssl:warn] [pid 1710] AH01906: RSA server certificate is a CA certificate (BasicConstraints: CA == TRUE !?)
[Mon Jun 05 09:33:32.228735 2017] [ssl:error] [pid 1711] AH02217: ssl_stapling_init_cert: can't retrieve issuer certificate! [subject: emailAddress=info@testing.com,CN=local.testing.com,O=localhost,L=Edmonton,ST=AB,C=CA / issuer: emailAddress=info@testing.com,CN=local.testing.com,O=localhost,L=Edmonton,ST=AB,C=CA / serial: CAAC625C37CD2850 / notbefore: Mar 27 15:51:31 2017 GMT / notafter: Mar 27 15:51:31 2019 GMT]
[Mon Jun 05 09:33:32.228754 2017] [ssl:error] [pid 1711] AH02235: Unable to configure server certificate for stapling
[Mon Jun 05 09:33:32.228760 2017] [ssl:warn] [pid 1711] AH01906: RSA server certificate is a CA certificate (BasicConstraints: CA == TRUE !?)
[Mon Jun 05 09:48:37.569950 2017] [ssl:error] [pid 1711] AH02217: ssl_stapling_init_cert: can't retrieve issuer certificate! [subject: emailAddress=info@testing.com,CN=local.testing.com,O=localhost,L=Edmonton,ST=AB,C=CA / issuer: emailAddress=info@testing.com,CN=local.testing.com,O=localhost,L=Edmonton,ST=AB,C=CA / serial: CAAC625C37CD2850 / notbefore: Mar 27 15:51:31 2017 GMT / notafter: Mar 27 15:51:31 2019 GMT]
[Mon Jun 05 09:48:37.569965 2017] [ssl:error] [pid 1711] AH02235: Unable to configure server certificate for stapling
[Mon Jun 05 09:48:37.569972 2017] [ssl:warn] [pid 1711] AH01906: RSA server certificate is a CA certificate (BasicConstraints: CA == TRUE !?)
[Sat Jun 10 00:56:52.706189 2017] [ssl:error] [pid 1672] AH02217: ssl_stapling_init_cert: can't retrieve issuer certificate! [subject: emailAddress=info@testing.com,CN=local.testing.com,O=localhost,L=Edmonton,ST=AB,C=CA / issuer: emailAddress=info@testing.com,CN=local.testing.com,O=localhost,L=Edmonton,ST=AB,C=CA / serial: CAAC625C37CD2850 / notbefore: Mar 27 15:51:31 2017 GMT / notafter: Mar 27 15:51:31 2019 GMT]
[Sat Jun 10 00:56:52.716265 2017] [ssl:error] [pid 1672] AH02235: Unable to configure server certificate for stapling
[Sat Jun 10 00:56:52.716290 2017] [ssl:warn] [pid 1672] AH01906: RSA server certificate is a CA certificate (BasicConstraints: CA == TRUE !?)
[Sat Jun 10 00:56:53.593599 2017] [ssl:error] [pid 1673] AH02217: ssl_stapling_init_cert: can't retrieve issuer certificate! [subject: emailAddress=info@testing.com,CN=local.testing.com,O=localhost,L=Edmonton,ST=AB,C=CA / issuer: emailAddress=info@testing.com,CN=local.testing.com,O=localhost,L=Edmonton,ST=AB,C=CA / serial: CAAC625C37CD2850 / notbefore: Mar 27 15:51:31 2017 GMT / notafter: Mar 27 15:51:31 2019 GMT]
[Sat Jun 10 00:56:53.593619 2017] [ssl:error] [pid 1673] AH02235: Unable to configure server certificate for stapling
[Sat Jun 10 00:56:53.593626 2017] [ssl:warn] [pid 1673] AH01906: RSA server certificate is a CA certificate (BasicConstraints: CA == TRUE !?)
[Sun Jun 11 11:27:15.740451 2017] [ssl:error] [pid 1836] AH02217: ssl_stapling_init_cert: can't retrieve issuer certificate! [subject: emailAddress=info@testing.com,CN=local.testing.com,O=localhost,L=Edmonton,ST=AB,C=CA / issuer: emailAddress=info@testing.com,CN=local.testing.com,O=localhost,L=Edmonton,ST=AB,C=CA / serial: CAAC625C37CD2850 / notbefore: Mar 27 15:51:31 2017 GMT / notafter: Mar 27 15:51:31 2019 GMT]
[Sun Jun 11 11:27:15.750521 2017] [ssl:error] [pid 1836] AH02235: Unable to configure server certificate for stapling
[Sun Jun 11 11:27:15.750545 2017] [ssl:warn] [pid 1836] AH01906: RSA server certificate is a CA certificate (BasicConstraints: CA == TRUE !?)
[Sun Jun 11 11:27:16.560972 2017] [ssl:error] [pid 1837] AH02217: ssl_stapling_init_cert: can't retrieve issuer certificate! [subject: emailAddress=info@testing.com,CN=local.testing.com,O=localhost,L=Edmonton,ST=AB,C=CA / issuer: emailAddress=info@testing.com,CN=local.testing.com,O=localhost,L=Edmonton,ST=AB,C=CA / serial: CAAC625C37CD2850 / notbefore: Mar 27 15:51:31 2017 GMT / notafter: Mar 27 15:51:31 2019 GMT]
[Sun Jun 11 11:27:16.561000 2017] [ssl:error] [pid 1837] AH02235: Unable to configure server certificate for stapling
[Sun Jun 11 11:27:16.561006 2017] [ssl:warn] [pid 1837] AH01906: RSA server certificate is a CA certificate (BasicConstraints: CA == TRUE !?)
[Sun Jun 11 11:47:50.465339 2017] [ssl:error] [pid 1837] AH02217: ssl_stapling_init_cert: can't retrieve issuer certificate! [subject: emailAddress=info@testing.com,CN=local.testing.com,O=localhost,L=Edmonton,ST=AB,C=CA / issuer: emailAddress=info@testing.com,CN=local.testing.com,O=localhost,L=Edmonton,ST=AB,C=CA / serial: CAAC625C37CD2850 / notbefore: Mar 27 15:51:31 2017 GMT / notafter: Mar 27 15:51:31 2019 GMT]
[Sun Jun 11 11:47:50.465354 2017] [ssl:error] [pid 1837] AH02235: Unable to configure server certificate for stapling
[Sun Jun 11 11:47:50.465360 2017] [ssl:warn] [pid 1837] AH01906: RSA server certificate is a CA certificate (BasicConstraints: CA == TRUE !?)
[Mon Jun 12 09:40:31.607635 2017] [ssl:error] [pid 1722] AH02217: ssl_stapling_init_cert: can't retrieve issuer certificate! [subject: emailAddress=info@testing.com,CN=local.testing.com,O=localhost,L=Edmonton,ST=AB,C=CA / issuer: emailAddress=info@testing.com,CN=local.testing.com,O=localhost,L=Edmonton,ST=AB,C=CA / serial: CAAC625C37CD2850 / notbefore: Mar 27 15:51:31 2017 GMT / notafter: Mar 27 15:51:31 2019 GMT]
[Mon Jun 12 09:40:31.630082 2017] [ssl:error] [pid 1722] AH02235: Unable to configure server certificate for stapling
[Mon Jun 12 09:40:31.630103 2017] [ssl:warn] [pid 1722] AH01906: RSA server certificate is a CA certificate (BasicConstraints: CA == TRUE !?)
[Mon Jun 12 09:40:32.295001 2017] [ssl:error] [pid 1723] AH02217: ssl_stapling_init_cert: can't retrieve issuer certificate! [subject: emailAddress=info@testing.com,CN=local.testing.com,O=localhost,L=Edmonton,ST=AB,C=CA / issuer: emailAddress=info@testing.com,CN=local.testing.com,O=localhost,L=Edmonton,ST=AB,C=CA / serial: CAAC625C37CD2850 / notbefore: Mar 27 15:51:31 2017 GMT / notafter: Mar 27 15:51:31 2019 GMT]
[Mon Jun 12 09:40:32.295022 2017] [ssl:error] [pid 1723] AH02235: Unable to configure server certificate for stapling
[Mon Jun 12 09:40:32.295028 2017] [ssl:warn] [pid 1723] AH01906: RSA server certificate is a CA certificate (BasicConstraints: CA == TRUE !?)
[Mon Jun 12 22:19:55.152200 2017] [ssl:error] [pid 1836] AH02217: ssl_stapling_init_cert: can't retrieve issuer certificate! [subject: emailAddress=info@testing.com,CN=local.testing.com,O=localhost,L=Edmonton,ST=AB,C=CA / issuer: emailAddress=info@testing.com,CN=local.testing.com,O=localhost,L=Edmonton,ST=AB,C=CA / serial: CAAC625C37CD2850 / notbefore: Mar 27 15:51:31 2017 GMT / notafter: Mar 27 15:51:31 2019 GMT]
[Mon Jun 12 22:19:55.174528 2017] [ssl:error] [pid 1836] AH02235: Unable to configure server certificate for stapling
[Mon Jun 12 22:19:55.174552 2017] [ssl:warn] [pid 1836] AH01906: RSA server certificate is a CA certificate (BasicConstraints: CA == TRUE !?)
[Mon Jun 12 22:19:55.828204 2017] [ssl:error] [pid 1837] AH02217: ssl_stapling_init_cert: can't retrieve issuer certificate! [subject: emailAddress=info@testing.com,CN=local.testing.com,O=localhost,L=Edmonton,ST=AB,C=CA / issuer: emailAddress=info@testing.com,CN=local.testing.com,O=localhost,L=Edmonton,ST=AB,C=CA / serial: CAAC625C37CD2850 / notbefore: Mar 27 15:51:31 2017 GMT / notafter: Mar 27 15:51:31 2019 GMT]
[Mon Jun 12 22:19:55.828219 2017] [ssl:error] [pid 1837] AH02235: Unable to configure server certificate for stapling
[Mon Jun 12 22:19:55.828225 2017] [ssl:warn] [pid 1837] AH01906: RSA server certificate is a CA certificate (BasicConstraints: CA == TRUE !?)
[Tue Jun 13 09:17:48.297572 2017] [ssl:error] [pid 1575] AH02217: ssl_stapling_init_cert: can't retrieve issuer certificate! [subject: emailAddress=info@testing.com,CN=local.testing.com,O=localhost,L=Edmonton,ST=AB,C=CA / issuer: emailAddress=info@testing.com,CN=local.testing.com,O=localhost,L=Edmonton,ST=AB,C=CA / serial: CAAC625C37CD2850 / notbefore: Mar 27 15:51:31 2017 GMT / notafter: Mar 27 15:51:31 2019 GMT]
[Tue Jun 13 09:17:48.453427 2017] [ssl:error] [pid 1575] AH02235: Unable to configure server certificate for stapling
[Tue Jun 13 09:17:48.453447 2017] [ssl:warn] [pid 1575] AH01906: RSA server certificate is a CA certificate (BasicConstraints: CA == TRUE !?)
[Tue Jun 13 09:17:49.751700 2017] [ssl:error] [pid 1628] AH02217: ssl_stapling_init_cert: can't retrieve issuer certificate! [subject: emailAddress=info@testing.com,CN=local.testing.com,O=localhost,L=Edmonton,ST=AB,C=CA / issuer: emailAddress=info@testing.com,CN=local.testing.com,O=localhost,L=Edmonton,ST=AB,C=CA / serial: CAAC625C37CD2850 / notbefore: Mar 27 15:51:31 2017 GMT / notafter: Mar 27 15:51:31 2019 GMT]
[Tue Jun 13 09:17:49.751722 2017] [ssl:error] [pid 1628] AH02235: Unable to configure server certificate for stapling
[Tue Jun 13 09:17:49.751727 2017] [ssl:warn] [pid 1628] AH01906: RSA server certificate is a CA certificate (BasicConstraints: CA == TRUE !?)
[Tue Jun 13 21:21:07.630495 2017] [ssl:error] [pid 1635] AH02217: ssl_stapling_init_cert: can't retrieve issuer certificate! [subject: emailAddress=info@testing.com,CN=local.testing.com,O=localhost,L=Edmonton,ST=AB,C=CA / issuer: emailAddress=info@testing.com,CN=local.testing.com,O=localhost,L=Edmonton,ST=AB,C=CA / serial: CAAC625C37CD2850 / notbefore: Mar 27 15:51:31 2017 GMT / notafter: Mar 27 15:51:31 2019 GMT]
[Tue Jun 13 21:21:07.683102 2017] [ssl:error] [pid 1635] AH02235: Unable to configure server certificate for stapling
[Tue Jun 13 21:21:07.683127 2017] [ssl:warn] [pid 1635] AH01906: RSA server certificate is a CA certificate (BasicConstraints: CA == TRUE !?)
[Tue Jun 13 21:21:10.240021 2017] [ssl:error] [pid 1636] AH02217: ssl_stapling_init_cert: can't retrieve issuer certificate! [subject: emailAddress=info@testing.com,CN=local.testing.com,O=localhost,L=Edmonton,ST=AB,C=CA / issuer: emailAddress=info@testing.com,CN=local.testing.com,O=localhost,L=Edmonton,ST=AB,C=CA / serial: CAAC625C37CD2850 / notbefore: Mar 27 15:51:31 2017 GMT / notafter: Mar 27 15:51:31 2019 GMT]
[Tue Jun 13 21:21:10.240045 2017] [ssl:error] [pid 1636] AH02235: Unable to configure server certificate for stapling
[Tue Jun 13 21:21:10.240051 2017] [ssl:warn] [pid 1636] AH01906: RSA server certificate is a CA certificate (BasicConstraints: CA == TRUE !?)
[Wed Jun 14 08:35:49.689999 2017] [ssl:error] [pid 1678] AH02217: ssl_stapling_init_cert: can't retrieve issuer certificate! [subject: emailAddress=info@testing.com,CN=local.testing.com,O=localhost,L=Edmonton,ST=AB,C=CA / issuer: emailAddress=info@testing.com,CN=local.testing.com,O=localhost,L=Edmonton,ST=AB,C=CA / serial: CAAC625C37CD2850 / notbefore: Mar 27 15:51:31 2017 GMT / notafter: Mar 27 15:51:31 2019 GMT]
[Wed Jun 14 08:35:49.725585 2017] [ssl:error] [pid 1678] AH02235: Unable to configure server certificate for stapling
[Wed Jun 14 08:35:49.725611 2017] [ssl:warn] [pid 1678] AH01906: RSA server certificate is a CA certificate (BasicConstraints: CA == TRUE !?)
[Wed Jun 14 08:35:50.438039 2017] [ssl:error] [pid 1679] AH02217: ssl_stapling_init_cert: can't retrieve issuer certificate! [subject: emailAddress=info@testing.com,CN=local.testing.com,O=localhost,L=Edmonton,ST=AB,C=CA / issuer: emailAddress=info@testing.com,CN=local.testing.com,O=localhost,L=Edmonton,ST=AB,C=CA / serial: CAAC625C37CD2850 / notbefore: Mar 27 15:51:31 2017 GMT / notafter: Mar 27 15:51:31 2019 GMT]
[Wed Jun 14 08:35:50.438059 2017] [ssl:error] [pid 1679] AH02235: Unable to configure server certificate for stapling
[Wed Jun 14 08:35:50.438065 2017] [ssl:warn] [pid 1679] AH01906: RSA server certificate is a CA certificate (BasicConstraints: CA == TRUE !?)
[Fri Jun 16 08:41:23.695795 2017] [ssl:error] [pid 1666] AH02217: ssl_stapling_init_cert: can't retrieve issuer certificate! [subject: emailAddress=info@testing.com,CN=local.testing.com,O=localhost,L=Edmonton,ST=AB,C=CA / issuer: emailAddress=info@testing.com,CN=local.testing.com,O=localhost,L=Edmonton,ST=AB,C=CA / serial: CAAC625C37CD2850 / notbefore: Mar 27 15:51:31 2017 GMT / notafter: Mar 27 15:51:31 2019 GMT]
[Fri Jun 16 08:41:23.704061 2017] [ssl:error] [pid 1666] AH02235: Unable to configure server certificate for stapling
[Fri Jun 16 08:41:23.704083 2017] [ssl:warn] [pid 1666] AH01906: RSA server certificate is a CA certificate (BasicConstraints: CA == TRUE !?)
[Fri Jun 16 08:41:24.449867 2017] [ssl:error] [pid 1667] AH02217: ssl_stapling_init_cert: can't retrieve issuer certificate! [subject: emailAddress=info@testing.com,CN=local.testing.com,O=localhost,L=Edmonton,ST=AB,C=CA / issuer: emailAddress=info@testing.com,CN=local.testing.com,O=localhost,L=Edmonton,ST=AB,C=CA / serial: CAAC625C37CD2850 / notbefore: Mar 27 15:51:31 2017 GMT / notafter: Mar 27 15:51:31 2019 GMT]
[Fri Jun 16 08:41:24.449887 2017] [ssl:error] [pid 1667] AH02235: Unable to configure server certificate for stapling
[Fri Jun 16 08:41:24.449893 2017] [ssl:warn] [pid 1667] AH01906: RSA server certificate is a CA certificate (BasicConstraints: CA == TRUE !?)
[Fri Jun 16 13:24:04.559695 2017] [ssl:error] [pid 14812] AH02217: ssl_stapling_init_cert: can't retrieve issuer certificate! [subject: emailAddress=info@testing.com,CN=local.testing.com,O=localhost,L=Edmonton,ST=AB,C=CA / issuer: emailAddress=info@testing.com,CN=local.testing.com,O=localhost,L=Edmonton,ST=AB,C=CA / serial: CAAC625C37CD2850 / notbefore: Mar 27 15:51:31 2017 GMT / notafter: Mar 27 15:51:31 2019 GMT]
[Fri Jun 16 13:24:04.559726 2017] [ssl:error] [pid 14812] AH02235: Unable to configure server certificate for stapling
[Fri Jun 16 13:24:04.559733 2017] [ssl:warn] [pid 14812] AH01906: RSA server certificate is a CA certificate (BasicConstraints: CA == TRUE !?)
[Fri Jun 16 13:24:04.582480 2017] [ssl:error] [pid 14813] AH02217: ssl_stapling_init_cert: can't retrieve issuer certificate! [subject: emailAddress=info@testing.com,CN=local.testing.com,O=localhost,L=Edmonton,ST=AB,C=CA / issuer: emailAddress=info@testing.com,CN=local.testing.com,O=localhost,L=Edmonton,ST=AB,C=CA / serial: CAAC625C37CD2850 / notbefore: Mar 27 15:51:31 2017 GMT / notafter: Mar 27 15:51:31 2019 GMT]
[Fri Jun 16 13:24:04.582496 2017] [ssl:error] [pid 14813] AH02235: Unable to configure server certificate for stapling
[Fri Jun 16 13:24:04.582502 2017] [ssl:warn] [pid 14813] AH01906: RSA server certificate is a CA certificate (BasicConstraints: CA == TRUE !?)
[Fri Jun 16 13:27:06.163981 2017] [ssl:error] [pid 15020] AH02217: ssl_stapling_init_cert: can't retrieve issuer certificate! [subject: emailAddress=info@testing.com,CN=local.testing.com,O=localhost,L=Edmonton,ST=AB,C=CA / issuer: emailAddress=info@testing.com,CN=local.testing.com,O=localhost,L=Edmonton,ST=AB,C=CA / serial: CAAC625C37CD2850 / notbefore: Mar 27 15:51:31 2017 GMT / notafter: Mar 27 15:51:31 2019 GMT]
[Fri Jun 16 13:27:06.164017 2017] [ssl:error] [pid 15020] AH02235: Unable to configure server certificate for stapling
[Fri Jun 16 13:27:06.164024 2017] [ssl:warn] [pid 15020] AH01906: RSA server certificate is a CA certificate (BasicConstraints: CA == TRUE !?)
[Fri Jun 16 13:27:06.185984 2017] [ssl:error] [pid 15021] AH02217: ssl_stapling_init_cert: can't retrieve issuer certificate! [subject: emailAddress=info@testing.com,CN=local.testing.com,O=localhost,L=Edmonton,ST=AB,C=CA / issuer: emailAddress=info@testing.com,CN=local.testing.com,O=localhost,L=Edmonton,ST=AB,C=CA / serial: CAAC625C37CD2850 / notbefore: Mar 27 15:51:31 2017 GMT / notafter: Mar 27 15:51:31 2019 GMT]
[Fri Jun 16 13:27:06.185999 2017] [ssl:error] [pid 15021] AH02235: Unable to configure server certificate for stapling
[Fri Jun 16 13:27:06.186005 2017] [ssl:warn] [pid 15021] AH01906: RSA server certificate is a CA certificate (BasicConstraints: CA == TRUE !?)
[Fri Jun 16 13:27:53.155145 2017] [ssl:error] [pid 15100] AH02217: ssl_stapling_init_cert: can't retrieve issuer certificate! [subject: emailAddress=info@testing.com,CN=local.testing.com,O=localhost,L=Edmonton,ST=AB,C=CA / issuer: emailAddress=info@testing.com,CN=local.testing.com,O=localhost,L=Edmonton,ST=AB,C=CA / serial: CAAC625C37CD2850 / notbefore: Mar 27 15:51:31 2017 GMT / notafter: Mar 27 15:51:31 2019 GMT]
[Fri Jun 16 13:27:53.155178 2017] [ssl:error] [pid 15100] AH02235: Unable to configure server certificate for stapling
[Fri Jun 16 13:27:53.155189 2017] [ssl:warn] [pid 15100] AH01906: RSA server certificate is a CA certificate (BasicConstraints: CA == TRUE !?)
[Fri Jun 16 13:27:53.177160 2017] [ssl:error] [pid 15101] AH02217: ssl_stapling_init_cert: can't retrieve issuer certificate! [subject: emailAddress=info@testing.com,CN=local.testing.com,O=localhost,L=Edmonton,ST=AB,C=CA / issuer: emailAddress=info@testing.com,CN=local.testing.com,O=localhost,L=Edmonton,ST=AB,C=CA / serial: CAAC625C37CD2850 / notbefore: Mar 27 15:51:31 2017 GMT / notafter: Mar 27 15:51:31 2019 GMT]
[Fri Jun 16 13:27:53.177174 2017] [ssl:error] [pid 15101] AH02235: Unable to configure server certificate for stapling
[Fri Jun 16 13:27:53.177180 2017] [ssl:warn] [pid 15101] AH01906: RSA server certificate is a CA certificate (BasicConstraints: CA == TRUE !?)
[Fri Jun 16 13:32:40.969854 2017] [ssl:error] [pid 15363] AH02217: ssl_stapling_init_cert: can't retrieve issuer certificate! [subject: emailAddress=info@testing.com,CN=local.testing.com,O=localhost,L=Edmonton,ST=AB,C=CA / issuer: emailAddress=info@testing.com,CN=local.testing.com,O=localhost,L=Edmonton,ST=AB,C=CA / serial: CAAC625C37CD2850 / notbefore: Mar 27 15:51:31 2017 GMT / notafter: Mar 27 15:51:31 2019 GMT]
[Fri Jun 16 13:32:40.969889 2017] [ssl:error] [pid 15363] AH02235: Unable to configure server certificate for stapling
[Fri Jun 16 13:32:40.969895 2017] [ssl:warn] [pid 15363] AH01906: RSA server certificate is a CA certificate (BasicConstraints: CA == TRUE !?)
[Fri Jun 16 13:32:40.992439 2017] [ssl:error] [pid 15364] AH02217: ssl_stapling_init_cert: can't retrieve issuer certificate! [subject: emailAddress=info@testing.com,CN=local.testing.com,O=localhost,L=Edmonton,ST=AB,C=CA / issuer: emailAddress=info@testing.com,CN=local.testing.com,O=localhost,L=Edmonton,ST=AB,C=CA / serial: CAAC625C37CD2850 / notbefore: Mar 27 15:51:31 2017 GMT / notafter: Mar 27 15:51:31 2019 GMT]
[Fri Jun 16 13:32:40.992454 2017] [ssl:error] [pid 15364] AH02235: Unable to configure server certificate for stapling
[Fri Jun 16 13:32:40.992460 2017] [ssl:warn] [pid 15364] AH01906: RSA server certificate is a CA certificate (BasicConstraints: CA == TRUE !?)
[Fri Jun 16 15:48:51.617648 2017] [ssl:error] [pid 21233] AH02217: ssl_stapling_init_cert: can't retrieve issuer certificate! [subject: emailAddress=info@testing.com,CN=local.testing.com,O=localhost,L=Edmonton,ST=AB,C=CA / issuer: emailAddress=info@testing.com,CN=local.testing.com,O=localhost,L=Edmonton,ST=AB,C=CA / serial: CAAC625C37CD2850 / notbefore: Mar 27 15:51:31 2017 GMT / notafter: Mar 27 15:51:31 2019 GMT]
[Fri Jun 16 15:48:51.617682 2017] [ssl:error] [pid 21233] AH02235: Unable to configure server certificate for stapling
[Fri Jun 16 15:48:51.617689 2017] [ssl:warn] [pid 21233] AH01906: RSA server certificate is a CA certificate (BasicConstraints: CA == TRUE !?)
[Fri Jun 16 15:48:51.639820 2017] [ssl:error] [pid 21234] AH02217: ssl_stapling_init_cert: can't retrieve issuer certificate! [subject: emailAddress=info@testing.com,CN=local.testing.com,O=localhost,L=Edmonton,ST=AB,C=CA / issuer: emailAddress=info@testing.com,CN=local.testing.com,O=localhost,L=Edmonton,ST=AB,C=CA / serial: CAAC625C37CD2850 / notbefore: Mar 27 15:51:31 2017 GMT / notafter: Mar 27 15:51:31 2019 GMT]
[Fri Jun 16 15:48:51.639835 2017] [ssl:error] [pid 21234] AH02235: Unable to configure server certificate for stapling
[Fri Jun 16 15:48:51.639842 2017] [ssl:warn] [pid 21234] AH01906: RSA server certificate is a CA certificate (BasicConstraints: CA == TRUE !?)
[Fri Jun 16 19:12:03.762327 2017] [ssl:error] [pid 1825] AH02217: ssl_stapling_init_cert: can't retrieve issuer certificate! [subject: emailAddress=info@testing.com,CN=local.testing.com,O=localhost,L=Edmonton,ST=AB,C=CA / issuer: emailAddress=info@testing.com,CN=local.testing.com,O=localhost,L=Edmonton,ST=AB,C=CA / serial: CAAC625C37CD2850 / notbefore: Mar 27 15:51:31 2017 GMT / notafter: Mar 27 15:51:31 2019 GMT]
[Fri Jun 16 19:12:03.800551 2017] [ssl:error] [pid 1825] AH02235: Unable to configure server certificate for stapling
[Fri Jun 16 19:12:03.800582 2017] [ssl:warn] [pid 1825] AH01906: RSA server certificate is a CA certificate (BasicConstraints: CA == TRUE !?)
[Fri Jun 16 19:12:04.758990 2017] [ssl:error] [pid 1826] AH02217: ssl_stapling_init_cert: can't retrieve issuer certificate! [subject: emailAddress=info@testing.com,CN=local.testing.com,O=localhost,L=Edmonton,ST=AB,C=CA / issuer: emailAddress=info@testing.com,CN=local.testing.com,O=localhost,L=Edmonton,ST=AB,C=CA / serial: CAAC625C37CD2850 / notbefore: Mar 27 15:51:31 2017 GMT / notafter: Mar 27 15:51:31 2019 GMT]
[Fri Jun 16 19:12:04.759009 2017] [ssl:error] [pid 1826] AH02235: Unable to configure server certificate for stapling
[Fri Jun 16 19:12:04.759015 2017] [ssl:warn] [pid 1826] AH01906: RSA server certificate is a CA certificate (BasicConstraints: CA == TRUE !?)
[Fri Jun 16 22:19:55.186369 2017] [ssl:error] [pid 1834] AH02217: ssl_stapling_init_cert: can't retrieve issuer certificate! [subject: emailAddress=info@testing.com,CN=local.testing.com,O=localhost,L=Edmonton,ST=AB,C=CA / issuer: emailAddress=info@testing.com,CN=local.testing.com,O=localhost,L=Edmonton,ST=AB,C=CA / serial: CAAC625C37CD2850 / notbefore: Mar 27 15:51:31 2017 GMT / notafter: Mar 27 15:51:31 2019 GMT]
[Fri Jun 16 22:19:55.202452 2017] [ssl:error] [pid 1834] AH02235: Unable to configure server certificate for stapling
[Fri Jun 16 22:19:55.202474 2017] [ssl:warn] [pid 1834] AH01906: RSA server certificate is a CA certificate (BasicConstraints: CA == TRUE !?)
[Fri Jun 16 22:19:56.094197 2017] [ssl:error] [pid 1835] AH02217: ssl_stapling_init_cert: can't retrieve issuer certificate! [subject: emailAddress=info@testing.com,CN=local.testing.com,O=localhost,L=Edmonton,ST=AB,C=CA / issuer: emailAddress=info@testing.com,CN=local.testing.com,O=localhost,L=Edmonton,ST=AB,C=CA / serial: CAAC625C37CD2850 / notbefore: Mar 27 15:51:31 2017 GMT / notafter: Mar 27 15:51:31 2019 GMT]
[Fri Jun 16 22:19:56.094217 2017] [ssl:error] [pid 1835] AH02235: Unable to configure server certificate for stapling
[Fri Jun 16 22:19:56.094223 2017] [ssl:warn] [pid 1835] AH01906: RSA server certificate is a CA certificate (BasicConstraints: CA == TRUE !?)
[Sat Jun 17 11:11:12.474179 2017] [ssl:error] [pid 1818] AH02217: ssl_stapling_init_cert: can't retrieve issuer certificate! [subject: emailAddress=info@testing.com,CN=local.testing.com,O=localhost,L=Edmonton,ST=AB,C=CA / issuer: emailAddress=info@testing.com,CN=local.testing.com,O=localhost,L=Edmonton,ST=AB,C=CA / serial: CAAC625C37CD2850 / notbefore: Mar 27 15:51:31 2017 GMT / notafter: Mar 27 15:51:31 2019 GMT]
[Sat Jun 17 11:11:12.490265 2017] [ssl:error] [pid 1818] AH02235: Unable to configure server certificate for stapling
[Sat Jun 17 11:11:12.490287 2017] [ssl:warn] [pid 1818] AH01906: RSA server certificate is a CA certificate (BasicConstraints: CA == TRUE !?)
[Sat Jun 17 11:11:13.448508 2017] [ssl:error] [pid 1827] AH02217: ssl_stapling_init_cert: can't retrieve issuer certificate! [subject: emailAddress=info@testing.com,CN=local.testing.com,O=localhost,L=Edmonton,ST=AB,C=CA / issuer: emailAddress=info@testing.com,CN=local.testing.com,O=localhost,L=Edmonton,ST=AB,C=CA / serial: CAAC625C37CD2850 / notbefore: Mar 27 15:51:31 2017 GMT / notafter: Mar 27 15:51:31 2019 GMT]
[Sat Jun 17 11:11:13.448529 2017] [ssl:error] [pid 1827] AH02235: Unable to configure server certificate for stapling
[Sat Jun 17 11:11:13.448536 2017] [ssl:warn] [pid 1827] AH01906: RSA server certificate is a CA certificate (BasicConstraints: CA == TRUE !?)
[Tue Jun 20 09:19:39.145019 2017] [ssl:error] [pid 1825] AH02217: ssl_stapling_init_cert: can't retrieve issuer certificate! [subject: emailAddress=info@testing.com,CN=local.testing.com,O=localhost,L=Edmonton,ST=AB,C=CA / issuer: emailAddress=info@testing.com,CN=local.testing.com,O=localhost,L=Edmonton,ST=AB,C=CA / serial: CAAC625C37CD2850 / notbefore: Mar 27 15:51:31 2017 GMT / notafter: Mar 27 15:51:31 2019 GMT]
[Tue Jun 20 09:19:39.168880 2017] [ssl:error] [pid 1825] AH02235: Unable to configure server certificate for stapling
[Tue Jun 20 09:19:39.168900 2017] [ssl:warn] [pid 1825] AH01906: RSA server certificate is a CA certificate (BasicConstraints: CA == TRUE !?)
[Tue Jun 20 09:19:40.093845 2017] [ssl:error] [pid 1826] AH02217: ssl_stapling_init_cert: can't retrieve issuer certificate! [subject: emailAddress=info@testing.com,CN=local.testing.com,O=localhost,L=Edmonton,ST=AB,C=CA / issuer: emailAddress=info@testing.com,CN=local.testing.com,O=localhost,L=Edmonton,ST=AB,C=CA / serial: CAAC625C37CD2850 / notbefore: Mar 27 15:51:31 2017 GMT / notafter: Mar 27 15:51:31 2019 GMT]
[Tue Jun 20 09:19:40.093864 2017] [ssl:error] [pid 1826] AH02235: Unable to configure server certificate for stapling
[Tue Jun 20 09:19:40.093870 2017] [ssl:warn] [pid 1826] AH01906: RSA server certificate is a CA certificate (BasicConstraints: CA == TRUE !?)
[Wed Jun 21 09:35:02.054525 2017] [ssl:error] [pid 1833] AH02217: ssl_stapling_init_cert: can't retrieve issuer certificate! [subject: emailAddress=info@testing.com,CN=local.testing.com,O=localhost,L=Edmonton,ST=AB,C=CA / issuer: emailAddress=info@testing.com,CN=local.testing.com,O=localhost,L=Edmonton,ST=AB,C=CA / serial: CAAC625C37CD2850 / notbefore: Mar 27 15:51:31 2017 GMT / notafter: Mar 27 15:51:31 2019 GMT]
[Wed Jun 21 09:35:02.067300 2017] [ssl:error] [pid 1833] AH02235: Unable to configure server certificate for stapling
[Wed Jun 21 09:35:02.067324 2017] [ssl:warn] [pid 1833] AH01906: RSA server certificate is a CA certificate (BasicConstraints: CA == TRUE !?)
[Wed Jun 21 09:35:03.003526 2017] [ssl:error] [pid 1835] AH02217: ssl_stapling_init_cert: can't retrieve issuer certificate! [subject: emailAddress=info@testing.com,CN=local.testing.com,O=localhost,L=Edmonton,ST=AB,C=CA / issuer: emailAddress=info@testing.com,CN=local.testing.com,O=localhost,L=Edmonton,ST=AB,C=CA / serial: CAAC625C37CD2850 / notbefore: Mar 27 15:51:31 2017 GMT / notafter: Mar 27 15:51:31 2019 GMT]
[Wed Jun 21 09:35:03.003549 2017] [ssl:error] [pid 1835] AH02235: Unable to configure server certificate for stapling
[Wed Jun 21 09:35:03.003556 2017] [ssl:warn] [pid 1835] AH01906: RSA server certificate is a CA certificate (BasicConstraints: CA == TRUE !?)
[Thu Jun 22 06:32:33.126072 2017] [ssl:error] [pid 1836] AH02217: ssl_stapling_init_cert: can't retrieve issuer certificate! [subject: emailAddress=info@testing.com,CN=local.testing.com,O=localhost,L=Edmonton,ST=AB,C=CA / issuer: emailAddress=info@testing.com,CN=local.testing.com,O=localhost,L=Edmonton,ST=AB,C=CA / serial: CAAC625C37CD2850 / notbefore: Mar 27 15:51:31 2017 GMT / notafter: Mar 27 15:51:31 2019 GMT]
[Thu Jun 22 06:32:33.142191 2017] [ssl:error] [pid 1836] AH02235: Unable to configure server certificate for stapling
[Thu Jun 22 06:32:33.142203 2017] [ssl:warn] [pid 1836] AH01906: RSA server certificate is a CA certificate (BasicConstraints: CA == TRUE !?)
[Thu Jun 22 06:32:34.056044 2017] [ssl:error] [pid 1837] AH02217: ssl_stapling_init_cert: can't retrieve issuer certificate! [subject: emailAddress=info@testing.com,CN=local.testing.com,O=localhost,L=Edmonton,ST=AB,C=CA / issuer: emailAddress=info@testing.com,CN=local.testing.com,O=localhost,L=Edmonton,ST=AB,C=CA / serial: CAAC625C37CD2850 / notbefore: Mar 27 15:51:31 2017 GMT / notafter: Mar 27 15:51:31 2019 GMT]
[Thu Jun 22 06:32:34.056064 2017] [ssl:error] [pid 1837] AH02235: Unable to configure server certificate for stapling
[Thu Jun 22 06:32:34.056070 2017] [ssl:warn] [pid 1837] AH01906: RSA server certificate is a CA certificate (BasicConstraints: CA == TRUE !?)
[Thu Jun 22 09:45:20.550691 2017] [ssl:error] [pid 1735] AH02217: ssl_stapling_init_cert: can't retrieve issuer certificate! [subject: emailAddress=info@testing.com,CN=local.testing.com,O=localhost,L=Edmonton,ST=AB,C=CA / issuer: emailAddress=info@testing.com,CN=local.testing.com,O=localhost,L=Edmonton,ST=AB,C=CA / serial: CAAC625C37CD2850 / notbefore: Mar 27 15:51:31 2017 GMT / notafter: Mar 27 15:51:31 2019 GMT]
[Thu Jun 22 09:45:20.600051 2017] [ssl:error] [pid 1735] AH02235: Unable to configure server certificate for stapling
[Thu Jun 22 09:45:20.600087 2017] [ssl:warn] [pid 1735] AH01906: RSA server certificate is a CA certificate (BasicConstraints: CA == TRUE !?)
[Thu Jun 22 09:45:21.158398 2017] [ssl:error] [pid 1736] AH02217: ssl_stapling_init_cert: can't retrieve issuer certificate! [subject: emailAddress=info@testing.com,CN=local.testing.com,O=localhost,L=Edmonton,ST=AB,C=CA / issuer: emailAddress=info@testing.com,CN=local.testing.com,O=localhost,L=Edmonton,ST=AB,C=CA / serial: CAAC625C37CD2850 / notbefore: Mar 27 15:51:31 2017 GMT / notafter: Mar 27 15:51:31 2019 GMT]
[Thu Jun 22 09:45:21.158418 2017] [ssl:error] [pid 1736] AH02235: Unable to configure server certificate for stapling
[Thu Jun 22 09:45:21.158425 2017] [ssl:warn] [pid 1736] AH01906: RSA server certificate is a CA certificate (BasicConstraints: CA == TRUE !?)
[Thu Jun 22 20:17:43.052394 2017] [ssl:error] [pid 1841] AH02217: ssl_stapling_init_cert: can't retrieve issuer certificate! [subject: emailAddress=info@testing.com,CN=local.testing.com,O=localhost,L=Edmonton,ST=AB,C=CA / issuer: emailAddress=info@testing.com,CN=local.testing.com,O=localhost,L=Edmonton,ST=AB,C=CA / serial: CAAC625C37CD2850 / notbefore: Mar 27 15:51:31 2017 GMT / notafter: Mar 27 15:51:31 2019 GMT]
[Thu Jun 22 20:17:43.179563 2017] [ssl:error] [pid 1841] AH02235: Unable to configure server certificate for stapling
[Thu Jun 22 20:17:43.179586 2017] [ssl:warn] [pid 1841] AH01906: RSA server certificate is a CA certificate (BasicConstraints: CA == TRUE !?)
[Thu Jun 22 20:17:43.882364 2017] [ssl:error] [pid 1844] AH02217: ssl_stapling_init_cert: can't retrieve issuer certificate! [subject: emailAddress=info@testing.com,CN=local.testing.com,O=localhost,L=Edmonton,ST=AB,C=CA / issuer: emailAddress=info@testing.com,CN=local.testing.com,O=localhost,L=Edmonton,ST=AB,C=CA / serial: CAAC625C37CD2850 / notbefore: Mar 27 15:51:31 2017 GMT / notafter: Mar 27 15:51:31 2019 GMT]
[Thu Jun 22 20:17:43.882378 2017] [ssl:error] [pid 1844] AH02235: Unable to configure server certificate for stapling
[Thu Jun 22 20:17:43.882384 2017] [ssl:warn] [pid 1844] AH01906: RSA server certificate is a CA certificate (BasicConstraints: CA == TRUE !?)
[Mon Jun 26 21:42:56.206646 2017] [ssl:error] [pid 1844] AH02217: ssl_stapling_init_cert: can't retrieve issuer certificate! [subject: emailAddress=info@testing.com,CN=local.testing.com,O=localhost,L=Edmonton,ST=AB,C=CA / issuer: emailAddress=info@testing.com,CN=local.testing.com,O=localhost,L=Edmonton,ST=AB,C=CA / serial: CAAC625C37CD2850 / notbefore: Mar 27 15:51:31 2017 GMT / notafter: Mar 27 15:51:31 2019 GMT]
[Mon Jun 26 21:42:56.233923 2017] [ssl:error] [pid 1844] AH02235: Unable to configure server certificate for stapling
[Mon Jun 26 21:42:56.233949 2017] [ssl:warn] [pid 1844] AH01906: RSA server certificate is a CA certificate (BasicConstraints: CA == TRUE !?)
[Mon Jun 26 21:42:57.058792 2017] [ssl:error] [pid 1845] AH02217: ssl_stapling_init_cert: can't retrieve issuer certificate! [subject: emailAddress=info@testing.com,CN=local.testing.com,O=localhost,L=Edmonton,ST=AB,C=CA / issuer: emailAddress=info@testing.com,CN=local.testing.com,O=localhost,L=Edmonton,ST=AB,C=CA / serial: CAAC625C37CD2850 / notbefore: Mar 27 15:51:31 2017 GMT / notafter: Mar 27 15:51:31 2019 GMT]
[Mon Jun 26 21:42:57.058822 2017] [ssl:error] [pid 1845] AH02235: Unable to configure server certificate for stapling
[Mon Jun 26 21:42:57.058829 2017] [ssl:warn] [pid 1845] AH01906: RSA server certificate is a CA certificate (BasicConstraints: CA == TRUE !?)
[Mon Jun 26 21:59:45.013387 2017] [ssl:error] [pid 1845] AH02217: ssl_stapling_init_cert: can't retrieve issuer certificate! [subject: emailAddress=info@testing.com,CN=local.testing.com,O=localhost,L=Edmonton,ST=AB,C=CA / issuer: emailAddress=info@testing.com,CN=local.testing.com,O=localhost,L=Edmonton,ST=AB,C=CA / serial: CAAC625C37CD2850 / notbefore: Mar 27 15:51:31 2017 GMT / notafter: Mar 27 15:51:31 2019 GMT]
[Mon Jun 26 21:59:45.013409 2017] [ssl:error] [pid 1845] AH02235: Unable to configure server certificate for stapling
[Mon Jun 26 21:59:45.013424 2017] [ssl:warn] [pid 1845] AH01906: RSA server certificate is a CA certificate (BasicConstraints: CA == TRUE !?)
[Tue Jun 27 05:56:49.585390 2017] [ssl:error] [pid 1838] AH02217: ssl_stapling_init_cert: can't retrieve issuer certificate! [subject: emailAddress=info@testing.com,CN=local.testing.com,O=localhost,L=Edmonton,ST=AB,C=CA / issuer: emailAddress=info@testing.com,CN=local.testing.com,O=localhost,L=Edmonton,ST=AB,C=CA / serial: CAAC625C37CD2850 / notbefore: Mar 27 15:51:31 2017 GMT / notafter: Mar 27 15:51:31 2019 GMT]
[Tue Jun 27 05:56:49.601564 2017] [ssl:error] [pid 1838] AH02235: Unable to configure server certificate for stapling
[Tue Jun 27 05:56:49.601584 2017] [ssl:warn] [pid 1838] AH01906: RSA server certificate is a CA certificate (BasicConstraints: CA == TRUE !?)
[Tue Jun 27 05:56:50.437579 2017] [ssl:error] [pid 1839] AH02217: ssl_stapling_init_cert: can't retrieve issuer certificate! [subject: emailAddress=info@testing.com,CN=local.testing.com,O=localhost,L=Edmonton,ST=AB,C=CA / issuer: emailAddress=info@testing.com,CN=local.testing.com,O=localhost,L=Edmonton,ST=AB,C=CA / serial: CAAC625C37CD2850 / notbefore: Mar 27 15:51:31 2017 GMT / notafter: Mar 27 15:51:31 2019 GMT]
[Tue Jun 27 05:56:50.437600 2017] [ssl:error] [pid 1839] AH02235: Unable to configure server certificate for stapling
[Tue Jun 27 05:56:50.437606 2017] [ssl:warn] [pid 1839] AH01906: RSA server certificate is a CA certificate (BasicConstraints: CA == TRUE !?)
[Tue Jun 27 14:30:05.649356 2017] [ssl:error] [pid 11553] AH02217: ssl_stapling_init_cert: can't retrieve issuer certificate! [subject: emailAddress=info@testing.com,CN=local.testing.com,O=localhost,L=Edmonton,ST=AB,C=CA / issuer: emailAddress=info@testing.com,CN=local.testing.com,O=localhost,L=Edmonton,ST=AB,C=CA / serial: CAAC625C37CD2850 / notbefore: Mar 27 15:51:31 2017 GMT / notafter: Mar 27 15:51:31 2019 GMT]
[Tue Jun 27 14:30:05.649393 2017] [ssl:error] [pid 11553] AH02235: Unable to configure server certificate for stapling
[Tue Jun 27 14:30:05.649399 2017] [ssl:warn] [pid 11553] AH01906: RSA server certificate is a CA certificate (BasicConstraints: CA == TRUE !?)
[Tue Jun 27 14:30:05.670772 2017] [ssl:error] [pid 11554] AH02217: ssl_stapling_init_cert: can't retrieve issuer certificate! [subject: emailAddress=info@testing.com,CN=local.testing.com,O=localhost,L=Edmonton,ST=AB,C=CA / issuer: emailAddress=info@testing.com,CN=local.testing.com,O=localhost,L=Edmonton,ST=AB,C=CA / serial: CAAC625C37CD2850 / notbefore: Mar 27 15:51:31 2017 GMT / notafter: Mar 27 15:51:31 2019 GMT]
[Tue Jun 27 14:30:05.670787 2017] [ssl:error] [pid 11554] AH02235: Unable to configure server certificate for stapling
[Tue Jun 27 14:30:05.670794 2017] [ssl:warn] [pid 11554] AH01906: RSA server certificate is a CA certificate (BasicConstraints: CA == TRUE !?)
[Wed Jun 28 09:33:52.717877 2017] [ssl:error] [pid 1734] AH02217: ssl_stapling_init_cert: can't retrieve issuer certificate! [subject: emailAddress=info@testing.com,CN=local.testing.com,O=localhost,L=Edmonton,ST=AB,C=CA / issuer: emailAddress=info@testing.com,CN=local.testing.com,O=localhost,L=Edmonton,ST=AB,C=CA / serial: CAAC625C37CD2850 / notbefore: Mar 27 15:51:31 2017 GMT / notafter: Mar 27 15:51:31 2019 GMT]
[Wed Jun 28 09:33:52.767358 2017] [ssl:error] [pid 1734] AH02235: Unable to configure server certificate for stapling
[Wed Jun 28 09:33:52.767383 2017] [ssl:warn] [pid 1734] AH01906: RSA server certificate is a CA certificate (BasicConstraints: CA == TRUE !?)
[Wed Jun 28 09:33:53.592207 2017] [ssl:error] [pid 1736] AH02217: ssl_stapling_init_cert: can't retrieve issuer certificate! [subject: emailAddress=info@testing.com,CN=local.testing.com,O=localhost,L=Edmonton,ST=AB,C=CA / issuer: emailAddress=info@testing.com,CN=local.testing.com,O=localhost,L=Edmonton,ST=AB,C=CA / serial: CAAC625C37CD2850 / notbefore: Mar 27 15:51:31 2017 GMT / notafter: Mar 27 15:51:31 2019 GMT]
[Wed Jun 28 09:33:53.592226 2017] [ssl:error] [pid 1736] AH02235: Unable to configure server certificate for stapling
[Wed Jun 28 09:33:53.592233 2017] [ssl:warn] [pid 1736] AH01906: RSA server certificate is a CA certificate (BasicConstraints: CA == TRUE !?)
[Wed Jun 28 12:47:49.562582 2017] [ssl:error] [pid 1886] AH02217: ssl_stapling_init_cert: can't retrieve issuer certificate! [subject: emailAddress=info@testing.com,CN=local.testing.com,O=localhost,L=Edmonton,ST=AB,C=CA / issuer: emailAddress=info@testing.com,CN=local.testing.com,O=localhost,L=Edmonton,ST=AB,C=CA / serial: CAAC625C37CD2850 / notbefore: Mar 27 15:51:31 2017 GMT / notafter: Mar 27 15:51:31 2019 GMT]
[Wed Jun 28 12:47:49.578776 2017] [ssl:error] [pid 1886] AH02235: Unable to configure server certificate for stapling
[Wed Jun 28 12:47:49.578803 2017] [ssl:warn] [pid 1886] AH01906: RSA server certificate is a CA certificate (BasicConstraints: CA == TRUE !?)
[Wed Jun 28 12:47:50.403612 2017] [ssl:error] [pid 1896] AH02217: ssl_stapling_init_cert: can't retrieve issuer certificate! [subject: emailAddress=info@testing.com,CN=local.testing.com,O=localhost,L=Edmonton,ST=AB,C=CA / issuer: emailAddress=info@testing.com,CN=local.testing.com,O=localhost,L=Edmonton,ST=AB,C=CA / serial: CAAC625C37CD2850 / notbefore: Mar 27 15:51:31 2017 GMT / notafter: Mar 27 15:51:31 2019 GMT]
[Wed Jun 28 12:47:50.403636 2017] [ssl:error] [pid 1896] AH02235: Unable to configure server certificate for stapling
[Wed Jun 28 12:47:50.403644 2017] [ssl:warn] [pid 1896] AH01906: RSA server certificate is a CA certificate (BasicConstraints: CA == TRUE !?)
[Thu Jun 29 09:25:38.397172 2017] [ssl:error] [pid 1739] AH02217: ssl_stapling_init_cert: can't retrieve issuer certificate! [subject: emailAddress=info@testing.com,CN=local.testing.com,O=localhost,L=Edmonton,ST=AB,C=CA / issuer: emailAddress=info@testing.com,CN=local.testing.com,O=localhost,L=Edmonton,ST=AB,C=CA / serial: CAAC625C37CD2850 / notbefore: Mar 27 15:51:31 2017 GMT / notafter: Mar 27 15:51:31 2019 GMT]
[Thu Jun 29 09:25:38.424448 2017] [ssl:error] [pid 1739] AH02235: Unable to configure server certificate for stapling
[Thu Jun 29 09:25:38.424475 2017] [ssl:warn] [pid 1739] AH01906: RSA server certificate is a CA certificate (BasicConstraints: CA == TRUE !?)
[Thu Jun 29 09:25:39.127184 2017] [ssl:error] [pid 1740] AH02217: ssl_stapling_init_cert: can't retrieve issuer certificate! [subject: emailAddress=info@testing.com,CN=local.testing.com,O=localhost,L=Edmonton,ST=AB,C=CA / issuer: emailAddress=info@testing.com,CN=local.testing.com,O=localhost,L=Edmonton,ST=AB,C=CA / serial: CAAC625C37CD2850 / notbefore: Mar 27 15:51:31 2017 GMT / notafter: Mar 27 15:51:31 2019 GMT]
[Thu Jun 29 09:25:39.127204 2017] [ssl:error] [pid 1740] AH02235: Unable to configure server certificate for stapling
[Thu Jun 29 09:25:39.127211 2017] [ssl:warn] [pid 1740] AH01906: RSA server certificate is a CA certificate (BasicConstraints: CA == TRUE !?)
